[   [   <bound method ScalarOps.s_clause of <rdna3emu.isa.scalar_ops.ScalarOps object at 0x1034d1350>>,
        [<rdna3emu.parser.ir.Operand object at 0x104fcae90>, 'x1']],
    [   <bound method ScalarOps.s_load_b64 of <rdna3emu.isa.scalar_ops.ScalarOps object at 0x1034d1350>>,
        [   <rdna3emu.parser.ir.Operand object at 0x104fcb3d0>,
            <rdna3emu.parser.ir.Operand object at 0x104fcbb50>,
            <rdna3emu.parser.ir.Operand object at 0x104fcad90>,
            'x10']],
    [   <bound method ScalarOps.s_load_b128 of <rdna3emu.isa.scalar_ops.ScalarOps object at 0x1034d1350>>,
        [   <rdna3emu.parser.ir.Operand object at 0x104fcb010>,
            <rdna3emu.parser.ir.Operand object at 0x104fcba90>,
            'null']],
    [   None,
        [   <rdna3emu.parser.ir.Operand object at 0x104fcb650>,
            <rdna3emu.parser.ir.Operand object at 0x104f9c910>,
            'xfa',
            <rdna3emu.parser.ir.Operand object at 0x104f9cf90>]],
    [   <bound method ScalarOps.s_move_b32 of <rdna3emu.isa.scalar_ops.ScalarOps object at 0x1034d1350>>,
        [   <rdna3emu.parser.ir.Operand object at 0x104fcb590>,
            <rdna3emu.parser.ir.Operand object at 0x104f9e390>]],
    [   <bound method ScalarOps.s_ashr_i32 of <rdna3emu.isa.scalar_ops.ScalarOps object at 0x1034d1350>>,
        [   <rdna3emu.parser.ir.Operand object at 0x104f9dc90>,
            <rdna3emu.parser.ir.Operand object at 0x104f9fd10>,
            <rdna3emu.parser.ir.Operand object at 0x104f9e8d0>]],
    [   <bound method ScalarOps.s_delay_alu of <rdna3emu.isa.scalar_ops.ScalarOps object at 0x1034d1350>>,
        [   ['instid0', 'SALU_CYCLE_1'],
            ['instskip', 'NEXT'],
            ['instid1', 'VALU_DEP_1']]],
    [   <bound method ScalarOps.s_lshl_b64 of <rdna3emu.isa.scalar_ops.ScalarOps object at 0x1034d1350>>,
        [   <rdna3emu.parser.ir.Operand object at 0x104f9fc90>,
            <rdna3emu.parser.ir.Operand object at 0x104f9e3d0>,
            <rdna3emu.parser.ir.Operand object at 0x104f9ddd0>]],
    [   None,
        [   <rdna3emu.parser.ir.Operand object at 0x104f9f650>,
            <rdna3emu.parser.ir.Operand object at 0x104f9d590>,
            <rdna3emu.parser.ir.Operand object at 0x104f9e4d0>]],
    [   None,
        [   <rdna3emu.parser.ir.Operand object at 0x104f9e110>,
            <rdna3emu.parser.ir.Operand object at 0x104f9f0d0>,
            <rdna3emu.parser.ir.Operand object at 0x104f9eb50>]],
    [   <bound method ScalarOps.s_waitcnt of <rdna3emu.isa.scalar_ops.ScalarOps object at 0x1034d1350>>,
        [['lgkmcnt', <rdna3emu.parser.ir.Operand object at 0x104f9d750>]]],
    [   <bound method ScalarOps.s_add_u32 of <rdna3emu.isa.scalar_ops.ScalarOps object at 0x1034d1350>>,
        [   <rdna3emu.parser.ir.Operand object at 0x104f9db10>,
            <rdna3emu.parser.ir.Operand object at 0x104f9d850>,
            <rdna3emu.parser.ir.Operand object at 0x104f4a410>]],
    [   <bound method ScalarOps.s_addc_u32 of <rdna3emu.isa.scalar_ops.ScalarOps object at 0x1034d1350>>,
        [   <rdna3emu.parser.ir.Operand object at 0x104f9dbd0>,
            <rdna3emu.parser.ir.Operand object at 0x104f4a350>,
            <rdna3emu.parser.ir.Operand object at 0x104f4aa90>]],
    [   <bound method ScalarOps.s_clause of <rdna3emu.isa.scalar_ops.ScalarOps object at 0x1034d1350>>,
        [<rdna3emu.parser.ir.Operand object at 0x104f9d1d0>, 'x1']],
    [   <bound method Memory.global_load_b32 of <rdna3emu.isa.memory.Memory object at 0x103966090>>,
        [   <rdna3emu.parser.ir.Operand object at 0x104f4aa50>,
            <rdna3emu.parser.ir.Operand object at 0x104f4a750>,
            <rdna3emu.parser.ir.Operand object at 0x104fe0710>]],
    [   <bound method Memory.global_load_b32 of <rdna3emu.isa.memory.Memory object at 0x103966090>>,
        [   <rdna3emu.parser.ir.Operand object at 0x104f9dfd0>,
            <rdna3emu.parser.ir.Operand object at 0x104fe0090>,
            <rdna3emu.parser.ir.Operand object at 0x104fe1190>,
            ('offset:', <rdna3emu.parser.ir.Operand object at 0x104f4a910>)]],
    [   <bound method ScalarOps.s_waitcnt of <rdna3emu.isa.scalar_ops.ScalarOps object at 0x1034d1350>>,
        [['vmcnt', <rdna3emu.parser.ir.Operand object at 0x104fe03d0>]]],
    [   None,
        [   <rdna3emu.parser.ir.Operand object at 0x104f4a3d0>,
            <rdna3emu.parser.ir.Operand object at 0x104fe1350>,
            <rdna3emu.parser.ir.Operand object at 0x104fe1250>,
            <rdna3emu.parser.ir.Operand object at 0x104fe1dd0>,
            <rdna3emu.parser.ir.Operand object at 0x104fe13d0>,
            <rdna3emu.parser.ir.Operand object at 0x104fe0dd0>]],
    [   <bound method ScalarOps.s_waitcnt of <rdna3emu.isa.scalar_ops.ScalarOps object at 0x1034d1350>>,
        [['vmcnt', <rdna3emu.parser.ir.Operand object at 0x104fe0650>]]],
    [   None,
        [   <rdna3emu.parser.ir.Operand object at 0x104fe20d0>,
            <rdna3emu.parser.ir.Operand object at 0x104fe22d0>,
            <rdna3emu.parser.ir.Operand object at 0x104fe1cd0>,
            <rdna3emu.parser.ir.Operand object at 0x104fe2d50>,
            <rdna3emu.parser.ir.Operand object at 0x104fe2150>,
            <rdna3emu.parser.ir.Operand object at 0x104fe1f50>]],
    [   None,
        [   <rdna3emu.parser.ir.Operand object at 0x104fe2510>,
            <rdna3emu.parser.ir.Operand object at 0x104fe1610>,
            <rdna3emu.parser.ir.Operand object at 0x104fe2f90>]],
    [   <bound method ScalarOps.s_delay_alu of <rdna3emu.isa.scalar_ops.ScalarOps object at 0x1034d1350>>,
        [['instid0', 'VALU_DEP_2']]],
    (   None,
        [   <rdna3emu.parser.ir.Operand object at 0x104fe3910>,
            <rdna3emu.parser.ir.Operand object at 0x104fe2a10>,
            'x3c8186e2',
            <rdna3emu.parser.ir.Operand object at 0x104fe2590>],
        None,
        [   <rdna3emu.parser.ir.Operand object at 0x104fe3f10>,
            <rdna3emu.parser.ir.Operand object at 0x104fe3790>,
            'x3c8186e2',
            <rdna3emu.parser.ir.Operand object at 0x104fe3e90>]),
    [   <bound method Memory.global_load_b32 of <rdna3emu.isa.memory.Memory object at 0x103966090>>,
        [   <rdna3emu.parser.ir.Operand object at 0x104fe3490>,
            <rdna3emu.parser.ir.Operand object at 0x104fe0a10>,
            <rdna3emu.parser.ir.Operand object at 0x104fe7fd0>,
            ('offset:', <rdna3emu.parser.ir.Operand object at 0x104fe2950>)]],
    [   <bound method Memory.global_load_b128 of <rdna3emu.isa.memory.Memory object at 0x103966090>>,
        [   <rdna3emu.parser.ir.Operand object at 0x104fe3d10>,
            <rdna3emu.parser.ir.Operand object at 0x104fe5050>,
            <rdna3emu.parser.ir.Operand object at 0x104fe55d0>]],
    [   <bound method ScalarOps.s_clause of <rdna3emu.isa.scalar_ops.ScalarOps object at 0x1034d1350>>,
        [<rdna3emu.parser.ir.Operand object at 0x104fe1690>, 'x3']],
    [   <bound method Memory.global_load_b32 of <rdna3emu.isa.memory.Memory object at 0x103966090>>,
        [   <rdna3emu.parser.ir.Operand object at 0x104f4a250>,
            <rdna3emu.parser.ir.Operand object at 0x104fe4d90>,
            <rdna3emu.parser.ir.Operand object at 0x104fe6590>,
            ('offset:', <rdna3emu.parser.ir.Operand object at 0x104fe5a10>)]],
    [   <bound method Memory.global_load_b32 of <rdna3emu.isa.memory.Memory object at 0x103966090>>,
        [   <rdna3emu.parser.ir.Operand object at 0x104fe2b50>,
            <rdna3emu.parser.ir.Operand object at 0x104fe5a50>,
            <rdna3emu.parser.ir.Operand object at 0x104fe6f10>,
            ('offset:', <rdna3emu.parser.ir.Operand object at 0x104fe64d0>)]],
    [   <bound method Memory.global_load_b32 of <rdna3emu.isa.memory.Memory object at 0x103966090>>,
        [   <rdna3emu.parser.ir.Operand object at 0x104fe6410>,
            <rdna3emu.parser.ir.Operand object at 0x104fe7210>,
            <rdna3emu.parser.ir.Operand object at 0x104fe7950>,
            ('offset:', <rdna3emu.parser.ir.Operand object at 0x104fe5910>)]],
    [   <bound method Memory.global_load_b32 of <rdna3emu.isa.memory.Memory object at 0x103966090>>,
        [   <rdna3emu.parser.ir.Operand object at 0x104fe6d10>,
            <rdna3emu.parser.ir.Operand object at 0x104fe5c90>,
            <rdna3emu.parser.ir.Operand object at 0x104fe8bd0>,
            ('offset:', <rdna3emu.parser.ir.Operand object at 0x104fe7c90>)]],
    [   <bound method Memory.global_load_b128 of <rdna3emu.isa.memory.Memory object at 0x103966090>>,
        [   <rdna3emu.parser.ir.Operand object at 0x104fe6e90>,
            <rdna3emu.parser.ir.Operand object at 0x104fe8b50>,
            <rdna3emu.parser.ir.Operand object at 0x104fe8dd0>,
            ('offset:', <rdna3emu.parser.ir.Operand object at 0x104fe8d10>)]],
    [   <bound method ScalarOps.s_clause of <rdna3emu.isa.scalar_ops.ScalarOps object at 0x1034d1350>>,
        [<rdna3emu.parser.ir.Operand object at 0x104fe7550>, 'x3']],
    [   <bound method Memory.global_load_b32 of <rdna3emu.isa.memory.Memory object at 0x103966090>>,
        [   <rdna3emu.parser.ir.Operand object at 0x104fe3850>,
            <rdna3emu.parser.ir.Operand object at 0x104fe8ed0>,
            <rdna3emu.parser.ir.Operand object at 0x104fe9090>,
            ('offset:', <rdna3emu.parser.ir.Operand object at 0x104fe8d50>)]],
    [   <bound method Memory.global_load_b32 of <rdna3emu.isa.memory.Memory object at 0x103966090>>,
        [   <rdna3emu.parser.ir.Operand object at 0x104fe90d0>,
            <rdna3emu.parser.ir.Operand object at 0x104fe8f50>,
            <rdna3emu.parser.ir.Operand object at 0x104fe9310>,
            ('offset:', <rdna3emu.parser.ir.Operand object at 0x104fe8f90>)]],
    [   <bound method Memory.global_load_b32 of <rdna3emu.isa.memory.Memory object at 0x103966090>>,
        [   <rdna3emu.parser.ir.Operand object at 0x104fe9350>,
            <rdna3emu.parser.ir.Operand object at 0x104fe9190>,
            <rdna3emu.parser.ir.Operand object at 0x104fe9590>,
            ('offset:', <rdna3emu.parser.ir.Operand object at 0x104fe9210>)]],
    [   <bound method Memory.global_load_b32 of <rdna3emu.isa.memory.Memory object at 0x103966090>>,
        [   <rdna3emu.parser.ir.Operand object at 0x104fe95d0>,
            <rdna3emu.parser.ir.Operand object at 0x104fe9410>,
            <rdna3emu.parser.ir.Operand object at 0x104fe9810>,
            ('offset:', <rdna3emu.parser.ir.Operand object at 0x104fe9490>)]],
    [   <bound method Memory.global_load_b128 of <rdna3emu.isa.memory.Memory object at 0x103966090>>,
        [   <rdna3emu.parser.ir.Operand object at 0x104fe9850>,
            <rdna3emu.parser.ir.Operand object at 0x104fe9690>,
            <rdna3emu.parser.ir.Operand object at 0x104fe9a90>,
            ('offset:', <rdna3emu.parser.ir.Operand object at 0x104fe9710>)]],
    [   <bound method ScalarOps.s_clause of <rdna3emu.isa.scalar_ops.ScalarOps object at 0x1034d1350>>,
        [<rdna3emu.parser.ir.Operand object at 0x104fe96d0>, 'x3']],
    [   <bound method Memory.global_load_b32 of <rdna3emu.isa.memory.Memory object at 0x103966090>>,
        [   <rdna3emu.parser.ir.Operand object at 0x104fe9910>,
            <rdna3emu.parser.ir.Operand object at 0x104fe9c90>,
            <rdna3emu.parser.ir.Operand object at 0x104fe9e10>,
            ('offset:', <rdna3emu.parser.ir.Operand object at 0x104fe9a10>)]],
    [   <bound method Memory.global_load_b32 of <rdna3emu.isa.memory.Memory object at 0x103966090>>,
        [   <rdna3emu.parser.ir.Operand object at 0x104fe9e50>,
            <rdna3emu.parser.ir.Operand object at 0x104fe9cd0>,
            <rdna3emu.parser.ir.Operand object at 0x104fea090>,
            ('offset:', <rdna3emu.parser.ir.Operand object at 0x104fe9d10>)]],
    [   <bound method Memory.global_load_b32 of <rdna3emu.isa.memory.Memory object at 0x103966090>>,
        [   <rdna3emu.parser.ir.Operand object at 0x104fea0d0>,
            <rdna3emu.parser.ir.Operand object at 0x104fe9f10>,
            <rdna3emu.parser.ir.Operand object at 0x104fea310>,
            ('offset:', <rdna3emu.parser.ir.Operand object at 0x104fe9f90>)]],
    [   <bound method Memory.global_load_b32 of <rdna3emu.isa.memory.Memory object at 0x103966090>>,
        [   <rdna3emu.parser.ir.Operand object at 0x104fea350>,
            <rdna3emu.parser.ir.Operand object at 0x104fea190>,
            <rdna3emu.parser.ir.Operand object at 0x104fea590>,
            ('offset:', <rdna3emu.parser.ir.Operand object at 0x104fea210>)]],
    [   <bound method Memory.global_load_b128 of <rdna3emu.isa.memory.Memory object at 0x103966090>>,
        [   <rdna3emu.parser.ir.Operand object at 0x104fea5d0>,
            <rdna3emu.parser.ir.Operand object at 0x104fea410>,
            <rdna3emu.parser.ir.Operand object at 0x104fea810>,
            ('offset:', <rdna3emu.parser.ir.Operand object at 0x104fea490>)]],
    [   <bound method ScalarOps.s_clause of <rdna3emu.isa.scalar_ops.ScalarOps object at 0x1034d1350>>,
        [<rdna3emu.parser.ir.Operand object at 0x104fea450>, 'x3']],
    [   <bound method Memory.global_load_b32 of <rdna3emu.isa.memory.Memory object at 0x103966090>>,
        [   <rdna3emu.parser.ir.Operand object at 0x104fea690>,
            <rdna3emu.parser.ir.Operand object at 0x104feaa10>,
            <rdna3emu.parser.ir.Operand object at 0x104feab90>,
            ('offset:', <rdna3emu.parser.ir.Operand object at 0x104fea790>)]],
    [   <bound method Memory.global_load_b32 of <rdna3emu.isa.memory.Memory object at 0x103966090>>,
        [   <rdna3emu.parser.ir.Operand object at 0x104feabd0>,
            <rdna3emu.parser.ir.Operand object at 0x104feaa50>,
            <rdna3emu.parser.ir.Operand object at 0x104feae10>,
            ('offset:', <rdna3emu.parser.ir.Operand object at 0x104feaa90>)]],
    [   <bound method Memory.global_load_b32 of <rdna3emu.isa.memory.Memory object at 0x103966090>>,
        [   <rdna3emu.parser.ir.Operand object at 0x104feae50>,
            <rdna3emu.parser.ir.Operand object at 0x104feac90>,
            <rdna3emu.parser.ir.Operand object at 0x104feb090>,
            ('offset:', <rdna3emu.parser.ir.Operand object at 0x104fead10>)]],
    [   <bound method Memory.global_load_b32 of <rdna3emu.isa.memory.Memory object at 0x103966090>>,
        [   <rdna3emu.parser.ir.Operand object at 0x104feb0d0>,
            <rdna3emu.parser.ir.Operand object at 0x104feaf10>,
            <rdna3emu.parser.ir.Operand object at 0x104feb310>,
            ('offset:', <rdna3emu.parser.ir.Operand object at 0x104feaf90>)]],
    [   <bound method Memory.global_load_b128 of <rdna3emu.isa.memory.Memory object at 0x103966090>>,
        [   <rdna3emu.parser.ir.Operand object at 0x104feb350>,
            <rdna3emu.parser.ir.Operand object at 0x104feb190>,
            <rdna3emu.parser.ir.Operand object at 0x104feb590>,
            ('offset:', <rdna3emu.parser.ir.Operand object at 0x104feb210>)]],
    [   <bound method ScalarOps.s_clause of <rdna3emu.isa.scalar_ops.ScalarOps object at 0x1034d1350>>,
        [<rdna3emu.parser.ir.Operand object at 0x104feb1d0>, 'x3']],
    [   <bound method Memory.global_load_b32 of <rdna3emu.isa.memory.Memory object at 0x103966090>>,
        [   <rdna3emu.parser.ir.Operand object at 0x104feb410>,
            <rdna3emu.parser.ir.Operand object at 0x104feb790>,
            <rdna3emu.parser.ir.Operand object at 0x104feb910>,
            ('offset:', <rdna3emu.parser.ir.Operand object at 0x104feb510>)]],
    [   <bound method Memory.global_load_b32 of <rdna3emu.isa.memory.Memory object at 0x103966090>>,
        [   <rdna3emu.parser.ir.Operand object at 0x104feb950>,
            <rdna3emu.parser.ir.Operand object at 0x104feb7d0>,
            <rdna3emu.parser.ir.Operand object at 0x104febb90>,
            ('offset:', <rdna3emu.parser.ir.Operand object at 0x104feb810>)]],
    [   <bound method Memory.global_load_b32 of <rdna3emu.isa.memory.Memory object at 0x103966090>>,
        [   <rdna3emu.parser.ir.Operand object at 0x104febbd0>,
            <rdna3emu.parser.ir.Operand object at 0x104feba10>,
            <rdna3emu.parser.ir.Operand object at 0x104febe10>,
            ('offset:', <rdna3emu.parser.ir.Operand object at 0x104feba90>)]],
    [   <bound method Memory.global_load_b32 of <rdna3emu.isa.memory.Memory object at 0x103966090>>,
        [   <rdna3emu.parser.ir.Operand object at 0x104febe50>,
            <rdna3emu.parser.ir.Operand object at 0x104febc90>,
            <rdna3emu.parser.ir.Operand object at 0x104ff40d0>,
            ('offset:', <rdna3emu.parser.ir.Operand object at 0x104febfd0>)]],
    [   <bound method Memory.global_load_b128 of <rdna3emu.isa.memory.Memory object at 0x103966090>>,
        [   <rdna3emu.parser.ir.Operand object at 0x104febf50>,
            <rdna3emu.parser.ir.Operand object at 0x104ff4110>,
            <rdna3emu.parser.ir.Operand object at 0x104ff4350>,
            ('offset:', <rdna3emu.parser.ir.Operand object at 0x104ff4210>)]],
    [   <bound method ScalarOps.s_clause of <rdna3emu.isa.scalar_ops.ScalarOps object at 0x1034d1350>>,
        [<rdna3emu.parser.ir.Operand object at 0x104febf90>, 'x1']],
    [   <bound method Memory.global_load_b32 of <rdna3emu.isa.memory.Memory object at 0x103966090>>,
        [   <rdna3emu.parser.ir.Operand object at 0x104ff41d0>,
            <rdna3emu.parser.ir.Operand object at 0x104ff4550>,
            <rdna3emu.parser.ir.Operand object at 0x104ff46d0>,
            ('offset:', <rdna3emu.parser.ir.Operand object at 0x104ff4250>)]],
    [   <bound method Memory.global_load_b32 of <rdna3emu.isa.memory.Memory object at 0x103966090>>,
        [   <rdna3emu.parser.ir.Operand object at 0x104ff4710>,
            <rdna3emu.parser.ir.Operand object at 0x104ff4590>,
            <rdna3emu.parser.ir.Operand object at 0x104ff4950>,
            ('offset:', <rdna3emu.parser.ir.Operand object at 0x104ff45d0>)]],
    [   <bound method Memory.global_load_b32 of <rdna3emu.isa.memory.Memory object at 0x103966090>>,
        [   <rdna3emu.parser.ir.Operand object at 0x104ff4990>,
            <rdna3emu.parser.ir.Operand object at 0x104ff47d0>,
            <rdna3emu.parser.ir.Operand object at 0x104ff4bd0>,
            ('offset:', <rdna3emu.parser.ir.Operand object at 0x104ff4850>)]],
    [   <bound method ScalarOps.s_move_b32 of <rdna3emu.isa.scalar_ops.ScalarOps object at 0x1034d1350>>,
        [<rdna3emu.parser.ir.Operand object at 0x104ff4c10>, 'exec_lo']],
    [   <bound method ScalarOps.s_waitcnt of <rdna3emu.isa.scalar_ops.ScalarOps object at 0x1034d1350>>,
        [['vmcnt', <rdna3emu.parser.ir.Operand object at 0x104ff4e50>]]],
    [   None,
        [   <rdna3emu.parser.ir.Operand object at 0x104ff4290>,
            <rdna3emu.parser.ir.Operand object at 0x104ff44d0>,
            <rdna3emu.parser.ir.Operand object at 0x104ff5090>,
            <rdna3emu.parser.ir.Operand object at 0x104ff5190>,
            <rdna3emu.parser.ir.Operand object at 0x104ff4f90>,
            <rdna3emu.parser.ir.Operand object at 0x104ff5010>]],
    [   <bound method ScalarOps.s_waitcnt of <rdna3emu.isa.scalar_ops.ScalarOps object at 0x1034d1350>>,
        [['vmcnt', <rdna3emu.parser.ir.Operand object at 0x104ff5210>]]],
    [   None,
        [   <rdna3emu.parser.ir.Operand object at 0x104ff4ad0>,
            <rdna3emu.parser.ir.Operand object at 0x104ff4d10>,
            <rdna3emu.parser.ir.Operand object at 0x104ff5490>,
            <rdna3emu.parser.ir.Operand object at 0x104ff4d90>]],
    [   <bound method ScalarOps.s_waitcnt of <rdna3emu.isa.scalar_ops.ScalarOps object at 0x1034d1350>>,
        [['vmcnt', <rdna3emu.parser.ir.Operand object at 0x104ff5550>]]],
    [   None,
        [   <rdna3emu.parser.ir.Operand object at 0x104ff5150>,
            <rdna3emu.parser.ir.Operand object at 0x104ff5050>,
            <rdna3emu.parser.ir.Operand object at 0x104ff57d0>,
            <rdna3emu.parser.ir.Operand object at 0x104ff58d0>,
            <rdna3emu.parser.ir.Operand object at 0x104ff56d0>,
            <rdna3emu.parser.ir.Operand object at 0x104ff5750>]],
    [   <bound method ScalarOps.s_delay_alu of <rdna3emu.isa.scalar_ops.ScalarOps object at 0x1034d1350>>,
        [   ['instid0', 'VALU_DEP_2'],
            ['instskip', 'SKIP_2'],
            ['instid1', 'VALU_DEP_3']]],
    (   None,
        [   <rdna3emu.parser.ir.Operand object at 0x104ff5a50>,
            <rdna3emu.parser.ir.Operand object at 0x104ff5790>,
            'x3c8186e2',
            <rdna3emu.parser.ir.Operand object at 0x104ff5410>],
        None,
        [   <rdna3emu.parser.ir.Operand object at 0x104ff5e90>,
            <rdna3emu.parser.ir.Operand object at 0x104ff5950>,
            <rdna3emu.parser.ir.Operand object at 0x104ff6010>]),
    [   <bound method ScalarOps.s_waitcnt of <rdna3emu.isa.scalar_ops.ScalarOps object at 0x1034d1350>>,
        [['vmcnt', <rdna3emu.parser.ir.Operand object at 0x104ff55d0>]]],
    [   None,
        [   <rdna3emu.parser.ir.Operand object at 0x104ff6090>,
            <rdna3emu.parser.ir.Operand object at 0x104ff5710>,
            <rdna3emu.parser.ir.Operand object at 0x104ff61d0>,
            <rdna3emu.parser.ir.Operand object at 0x104ff62d0>,
            <rdna3emu.parser.ir.Operand object at 0x104ff5ed0>,
            <rdna3emu.parser.ir.Operand object at 0x104ff6150>]],
    [   None,
        [   <rdna3emu.parser.ir.Operand object at 0x104ff5d90>,
            <rdna3emu.parser.ir.Operand object at 0x104ff5b10>,
            'x3c8186e2',
            <rdna3emu.parser.ir.Operand object at 0x104ff5f10>]],
    [   <bound method ScalarOps.s_delay_alu of <rdna3emu.isa.scalar_ops.ScalarOps object at 0x1034d1350>>,
        [   ['instid0', 'VALU_DEP_3'],
            ['instskip', 'SKIP_2'],
            ['instid1', 'VALU_DEP_1']]],
    [   None,
        [   <rdna3emu.parser.ir.Operand object at 0x104ff6650>,
            <rdna3emu.parser.ir.Operand object at 0x104ff6350>,
            <rdna3emu.parser.ir.Operand object at 0x104ff6950>]],
    [   <bound method ScalarOps.s_waitcnt of <rdna3emu.isa.scalar_ops.ScalarOps object at 0x1034d1350>>,
        [['vmcnt', <rdna3emu.parser.ir.Operand object at 0x104ff6810>]]],
    [   None,
        [   <rdna3emu.parser.ir.Operand object at 0x104ff6610>,
            <rdna3emu.parser.ir.Operand object at 0x104ff5650>,
            <rdna3emu.parser.ir.Operand object at 0x104ff6c50>,
            <rdna3emu.parser.ir.Operand object at 0x104ff6d50>,
            <rdna3emu.parser.ir.Operand object at 0x104ff6b50>,
            <rdna3emu.parser.ir.Operand object at 0x104ff6bd0>]],
    (   None,
        [   <rdna3emu.parser.ir.Operand object at 0x104ff65d0>,
            <rdna3emu.parser.ir.Operand object at 0x104ff64d0>,
            'x3c8186e2',
            <rdna3emu.parser.ir.Operand object at 0x104ff6b10>],
        None,
        [   <rdna3emu.parser.ir.Operand object at 0x104ff7050>,
            <rdna3emu.parser.ir.Operand object at 0x104ff6d10>,
            'x3c8186e2',
            <rdna3emu.parser.ir.Operand object at 0x104ff7090>]),
    [   <bound method ScalarOps.s_delay_alu of <rdna3emu.isa.scalar_ops.ScalarOps object at 0x1034d1350>>,
        [   ['instid0', 'VALU_DEP_3'],
            ['instskip', 'SKIP_3'],
            ['instid1', 'VALU_DEP_1']]],
    [   None,
        [   <rdna3emu.parser.ir.Operand object at 0x104ff7150>,
            <rdna3emu.parser.ir.Operand object at 0x104ff6f50>,
            <rdna3emu.parser.ir.Operand object at 0x104ff7550>]],
    [   <bound method ScalarOps.s_waitcnt of <rdna3emu.isa.scalar_ops.ScalarOps object at 0x1034d1350>>,
        [['vmcnt', <rdna3emu.parser.ir.Operand object at 0x104ff7410>]]],
    [   None,
        [   <rdna3emu.parser.ir.Operand object at 0x104ff66d0>,
            <rdna3emu.parser.ir.Operand object at 0x104ff6e50>,
            <rdna3emu.parser.ir.Operand object at 0x104ff7850>,
            <rdna3emu.parser.ir.Operand object at 0x104ff7950>,
            <rdna3emu.parser.ir.Operand object at 0x104ff7750>,
            <rdna3emu.parser.ir.Operand object at 0x104ff77d0>]],
    [   <bound method ScalarOps.s_waitcnt of <rdna3emu.isa.scalar_ops.ScalarOps object at 0x1034d1350>>,
        [['vmcnt', <rdna3emu.parser.ir.Operand object at 0x104ff79d0>]]],
    (   None,
        [   <rdna3emu.parser.ir.Operand object at 0x104ff7610>,
            <rdna3emu.parser.ir.Operand object at 0x104ff71d0>,
            <rdna3emu.parser.ir.Operand object at 0x104ff7c50>],
        None,
        [   <rdna3emu.parser.ir.Operand object at 0x104ff7d90>,
            <rdna3emu.parser.ir.Operand object at 0x104ff7bd0>,
            'x3c8186e2',
            <rdna3emu.parser.ir.Operand object at 0x104ff7dd0>]),
    [   <bound method ScalarOps.s_waitcnt of <rdna3emu.isa.scalar_ops.ScalarOps object at 0x1034d1350>>,
        [['vmcnt', <rdna3emu.parser.ir.Operand object at 0x104ff7f10>]]],
    [   None,
        [   <rdna3emu.parser.ir.Operand object at 0x104ff7a90>,
            <rdna3emu.parser.ir.Operand object at 0x104ff7810>,
            <rdna3emu.parser.ir.Operand object at 0x104ffc110>,
            <rdna3emu.parser.ir.Operand object at 0x104ffc210>,
            <rdna3emu.parser.ir.Operand object at 0x104ffc050>,
            <rdna3emu.parser.ir.Operand object at 0x104ffc090>]],
    [   <bound method ScalarOps.s_delay_alu of <rdna3emu.isa.scalar_ops.ScalarOps object at 0x1034d1350>>,
        [   ['instid0', 'VALU_DEP_2'],
            ['instskip', 'SKIP_2'],
            ['instid1', 'VALU_DEP_3']]],
    [   None,
        [   <rdna3emu.parser.ir.Operand object at 0x104ffc490>,
            <rdna3emu.parser.ir.Operand object at 0x104ffc0d0>,
            <rdna3emu.parser.ir.Operand object at 0x104ffc690>]],
    [   <bound method ScalarOps.s_waitcnt of <rdna3emu.isa.scalar_ops.ScalarOps object at 0x1034d1350>>,
        [['vmcnt', <rdna3emu.parser.ir.Operand object at 0x104ffc550>]]],
    [   None,
        [   <rdna3emu.parser.ir.Operand object at 0x104ffc6d0>,
            <rdna3emu.parser.ir.Operand object at 0x104ffc2d0>,
            <rdna3emu.parser.ir.Operand object at 0x104ffc990>,
            <rdna3emu.parser.ir.Operand object at 0x104ffca90>,
            <rdna3emu.parser.ir.Operand object at 0x104ffc890>,
            <rdna3emu.parser.ir.Operand object at 0x104ffc910>]],
    [   None,
        [   <rdna3emu.parser.ir.Operand object at 0x104ffc310>,
            <rdna3emu.parser.ir.Operand object at 0x104ffc450>,
            'x3c8186e2',
            <rdna3emu.parser.ir.Operand object at 0x104ffc850>]],
    [   <bound method ScalarOps.s_delay_alu of <rdna3emu.isa.scalar_ops.ScalarOps object at 0x1034d1350>>,
        [   ['instid0', 'VALU_DEP_3'],
            ['instskip', 'SKIP_2'],
            ['instid1', 'VALU_DEP_2']]],
    [   None,
        [   <rdna3emu.parser.ir.Operand object at 0x104ffce10>,
            <rdna3emu.parser.ir.Operand object at 0x104ffcb10>,
            <rdna3emu.parser.ir.Operand object at 0x104ffd110>]],
    [   <bound method ScalarOps.s_waitcnt of <rdna3emu.isa.scalar_ops.ScalarOps object at 0x1034d1350>>,
        [['vmcnt', <rdna3emu.parser.ir.Operand object at 0x104ffcfd0>]]],
    [   None,
        [   <rdna3emu.parser.ir.Operand object at 0x104ffcdd0>,
            <rdna3emu.parser.ir.Operand object at 0x104ffcc90>,
            <rdna3emu.parser.ir.Operand object at 0x104ffd410>,
            <rdna3emu.parser.ir.Operand object at 0x104ffd510>,
            <rdna3emu.parser.ir.Operand object at 0x104ffd310>,
            <rdna3emu.parser.ir.Operand object at 0x104ffd390>]],
    (   None,
        [   <rdna3emu.parser.ir.Operand object at 0x104ffd0d0>,
            <rdna3emu.parser.ir.Operand object at 0x104ffcd90>,
            'x3c8186e2',
            <rdna3emu.parser.ir.Operand object at 0x104ffd2d0>],
        None,
        [   <rdna3emu.parser.ir.Operand object at 0x104ffd810>,
            <rdna3emu.parser.ir.Operand object at 0x104ffd210>,
            <rdna3emu.parser.ir.Operand object at 0x104ffd990>]),
    [   <bound method ScalarOps.s_waitcnt of <rdna3emu.isa.scalar_ops.ScalarOps object at 0x1034d1350>>,
        [['vmcnt', <rdna3emu.parser.ir.Operand object at 0x104ffd890>]]],
    [   None,
        [   <rdna3emu.parser.ir.Operand object at 0x104ffd490>,
            <rdna3emu.parser.ir.Operand object at 0x104ffc790>,
            <rdna3emu.parser.ir.Operand object at 0x104ffdb50>,
            <rdna3emu.parser.ir.Operand object at 0x104ffdc50>,
            <rdna3emu.parser.ir.Operand object at 0x104ffd850>,
            <rdna3emu.parser.ir.Operand object at 0x104ffdad0>]],
    [   <bound method ScalarOps.s_waitcnt of <rdna3emu.isa.scalar_ops.ScalarOps object at 0x1034d1350>>,
        [['vmcnt', <rdna3emu.parser.ir.Operand object at 0x104ffdcd0>]]],
    [   <bound method ScalarOps.s_delay_alu of <rdna3emu.isa.scalar_ops.ScalarOps object at 0x1034d1350>>,
        [   ['instid0', 'VALU_DEP_2'],
            ['instskip', 'SKIP_3'],
            ['instid1', 'VALU_DEP_3']]],
    (   None,
        [   <rdna3emu.parser.ir.Operand object at 0x104ffdf10>,
            <rdna3emu.parser.ir.Operand object at 0x104ffddd0>,
            'x3c8186e2',
            <rdna3emu.parser.ir.Operand object at 0x104ffd590>],
        None,
        [   <rdna3emu.parser.ir.Operand object at 0x104ffe350>,
            <rdna3emu.parser.ir.Operand object at 0x104ffde10>,
            <rdna3emu.parser.ir.Operand object at 0x104ffe4d0>]),
    [   <bound method ScalarOps.s_waitcnt of <rdna3emu.isa.scalar_ops.ScalarOps object at 0x1034d1350>>,
        [['vmcnt', <rdna3emu.parser.ir.Operand object at 0x104ffe3d0>]]],
    [   None,
        [   <rdna3emu.parser.ir.Operand object at 0x104ffe290>,
            <rdna3emu.parser.ir.Operand object at 0x104ffd450>,
            <rdna3emu.parser.ir.Operand object at 0x104ffe690>,
            <rdna3emu.parser.ir.Operand object at 0x104ffe790>,
            <rdna3emu.parser.ir.Operand object at 0x104ffe390>,
            <rdna3emu.parser.ir.Operand object at 0x104ffe610>]],
    [   None,
        [   <rdna3emu.parser.ir.Operand object at 0x104ffe250>,
            <rdna3emu.parser.ir.Operand object at 0x104ffd710>,
            'x3c8186e2',
            <rdna3emu.parser.ir.Operand object at 0x104ffde90>]],
    [   None,
        [   <rdna3emu.parser.ir.Operand object at 0x104ffe910>,
            <rdna3emu.parser.ir.Operand object at 0x104ffe9d0>,
            <rdna3emu.parser.ir.Operand object at 0x104ffeb50>]],
    [   <bound method ScalarOps.s_waitcnt of <rdna3emu.isa.scalar_ops.ScalarOps object at 0x1034d1350>>,
        [['vmcnt', <rdna3emu.parser.ir.Operand object at 0x104ffea90>]]],
    [   None,
        [   <rdna3emu.parser.ir.Operand object at 0x104ffe210>,
            <rdna3emu.parser.ir.Operand object at 0x104ffe5d0>,
            <rdna3emu.parser.ir.Operand object at 0x104ffee50>,
            <rdna3emu.parser.ir.Operand object at 0x104ffef50>,
            <rdna3emu.parser.ir.Operand object at 0x104ffed50>,
            <rdna3emu.parser.ir.Operand object at 0x104ffedd0>]],
    [   <bound method ScalarOps.s_delay_alu of <rdna3emu.isa.scalar_ops.ScalarOps object at 0x1034d1350>>,
        [   ['instid0', 'VALU_DEP_2'],
            ['instskip', 'SKIP_2'],
            ['instid1', 'VALU_DEP_2']]],
    (   None,
        [   <rdna3emu.parser.ir.Operand object at 0x104fff0d0>,
            <rdna3emu.parser.ir.Operand object at 0x104ffee10>,
            'x3c8186e2',
            <rdna3emu.parser.ir.Operand object at 0x104ffed10>],
        None,
        [   <rdna3emu.parser.ir.Operand object at 0x104fff510>,
            <rdna3emu.parser.ir.Operand object at 0x104ffefd0>,
            <rdna3emu.parser.ir.Operand object at 0x104fff690>]),
    [   <bound method ScalarOps.s_waitcnt of <rdna3emu.isa.scalar_ops.ScalarOps object at 0x1034d1350>>,
        [['vmcnt', <rdna3emu.parser.ir.Operand object at 0x104fff590>]]],
    [   None,
        [   <rdna3emu.parser.ir.Operand object at 0x104fff190>,
            <rdna3emu.parser.ir.Operand object at 0x104ffed90>,
            <rdna3emu.parser.ir.Operand object at 0x104fff850>,
            <rdna3emu.parser.ir.Operand object at 0x104fff950>,
            <rdna3emu.parser.ir.Operand object at 0x104fff550>,
            <rdna3emu.parser.ir.Operand object at 0x104fff7d0>]],
    (   None,
        [   <rdna3emu.parser.ir.Operand object at 0x104fff150>,
            <rdna3emu.parser.ir.Operand object at 0x104ffe810>,
            'x3c8186e2',
            <rdna3emu.parser.ir.Operand object at 0x104ffef10>],
        None,
        [   <rdna3emu.parser.ir.Operand object at 0x104fffc50>,
            <rdna3emu.parser.ir.Operand object at 0x104ffecd0>,
            <rdna3emu.parser.ir.Operand object at 0x104fffdd0>]),
    [   <bound method ScalarOps.s_waitcnt of <rdna3emu.isa.scalar_ops.ScalarOps object at 0x1034d1350>>,
        [['vmcnt', <rdna3emu.parser.ir.Operand object at 0x104fffcd0>]]],
    [   None,
        [   <rdna3emu.parser.ir.Operand object at 0x104fff8d0>,
            <rdna3emu.parser.ir.Operand object at 0x104fff410>,
            <rdna3emu.parser.ir.Operand object at 0x104ffff90>,
            <rdna3emu.parser.ir.Operand object at 0x1050000d0>,
            <rdna3emu.parser.ir.Operand object at 0x104fff890>,
            <rdna3emu.parser.ir.Operand object at 0x105000090>]],
    [   <bound method ScalarOps.s_delay_alu of <rdna3emu.isa.scalar_ops.ScalarOps object at 0x1034d1350>>,
        [   ['instid0', 'VALU_DEP_3'],
            ['instskip', 'SKIP_4'],
            ['instid1', 'VALU_DEP_2']]],
    [   None,
        [   <rdna3emu.parser.ir.Operand object at 0x104fffb10>,
            <rdna3emu.parser.ir.Operand object at 0x105000290>,
            'x3c8186e2',
            <rdna3emu.parser.ir.Operand object at 0x105000210>]],
    [   <bound method ScalarOps.s_waitcnt of <rdna3emu.isa.scalar_ops.ScalarOps object at 0x1034d1350>>,
        [['vmcnt', <rdna3emu.parser.ir.Operand object at 0x105000610>]]],
    [   None,
        [   <rdna3emu.parser.ir.Operand object at 0x105000410>,
            <rdna3emu.parser.ir.Operand object at 0x1050005d0>,
            <rdna3emu.parser.ir.Operand object at 0x105000890>]],
    [   <bound method ScalarOps.s_waitcnt of <rdna3emu.isa.scalar_ops.ScalarOps object at 0x1034d1350>>,
        [['vmcnt', <rdna3emu.parser.ir.Operand object at 0x1050007d0>]]],
    [   None,
        [   <rdna3emu.parser.ir.Operand object at 0x1050008d0>,
            <rdna3emu.parser.ir.Operand object at 0x105000710>,
            <rdna3emu.parser.ir.Operand object at 0x105000b90>,
            <rdna3emu.parser.ir.Operand object at 0x105000c90>,
            <rdna3emu.parser.ir.Operand object at 0x105000a90>,
            <rdna3emu.parser.ir.Operand object at 0x105000b10>]],
    (   None,
        [   <rdna3emu.parser.ir.Operand object at 0x1050004d0>,
            <rdna3emu.parser.ir.Operand object at 0x105000690>,
            'x3c8186e2',
            <rdna3emu.parser.ir.Operand object at 0x105000a50>],
        None,
        [   <rdna3emu.parser.ir.Operand object at 0x105000f90>,
            <rdna3emu.parser.ir.Operand object at 0x105000990>,
            <rdna3emu.parser.ir.Operand object at 0x105001110>]),
    [   <bound method ScalarOps.s_waitcnt of <rdna3emu.isa.scalar_ops.ScalarOps object at 0x1034d1350>>,
        [['vmcnt', <rdna3emu.parser.ir.Operand object at 0x105001010>]]],
    [   None,
        [   <rdna3emu.parser.ir.Operand object at 0x105000ed0>,
            <rdna3emu.parser.ir.Operand object at 0x105000390>,
            <rdna3emu.parser.ir.Operand object at 0x1050012d0>,
            <rdna3emu.parser.ir.Operand object at 0x1050013d0>,
            <rdna3emu.parser.ir.Operand object at 0x105000fd0>,
            <rdna3emu.parser.ir.Operand object at 0x105001250>]],
    [   <bound method ScalarOps.s_delay_alu of <rdna3emu.isa.scalar_ops.ScalarOps object at 0x1034d1350>>,
        [   ['instid0', 'VALU_DEP_2'],
            ['instskip', 'SKIP_2'],
            ['instid1', 'VALU_DEP_3']]],
    (   None,
        [   <rdna3emu.parser.ir.Operand object at 0x105001550>,
            <rdna3emu.parser.ir.Operand object at 0x105001290>,
            'x3c8186e2',
            <rdna3emu.parser.ir.Operand object at 0x105000ad0>],
        None,
        [   <rdna3emu.parser.ir.Operand object at 0x105001990>,
            <rdna3emu.parser.ir.Operand object at 0x105001450>,
            <rdna3emu.parser.ir.Operand object at 0x105001b10>]),
    [   <bound method ScalarOps.s_waitcnt of <rdna3emu.isa.scalar_ops.ScalarOps object at 0x1034d1350>>,
        [['vmcnt', <rdna3emu.parser.ir.Operand object at 0x105001a10>]]],
    [   None,
        [   <rdna3emu.parser.ir.Operand object at 0x105001610>,
            <rdna3emu.parser.ir.Operand object at 0x105001210>,
            <rdna3emu.parser.ir.Operand object at 0x105001cd0>,
            <rdna3emu.parser.ir.Operand object at 0x105001dd0>,
            <rdna3emu.parser.ir.Operand object at 0x1050019d0>,
            <rdna3emu.parser.ir.Operand object at 0x105001c50>]],
    [   None,
        [   <rdna3emu.parser.ir.Operand object at 0x1050015d0>,
            <rdna3emu.parser.ir.Operand object at 0x105000dd0>,
            'x3c8186e2',
            <rdna3emu.parser.ir.Operand object at 0x105001390>]],
    [   <bound method ScalarOps.s_delay_alu of <rdna3emu.isa.scalar_ops.ScalarOps object at 0x1034d1350>>,
        [   ['instid0', 'VALU_DEP_3'],
            ['instskip', 'SKIP_3'],
            ['instid1', 'VALU_DEP_2']]],
    [   None,
        [   <rdna3emu.parser.ir.Operand object at 0x105002150>,
            <rdna3emu.parser.ir.Operand object at 0x105001e50>,
            <rdna3emu.parser.ir.Operand object at 0x105002450>]],
    [   <bound method ScalarOps.s_waitcnt of <rdna3emu.isa.scalar_ops.ScalarOps object at 0x1034d1350>>,
        [['vmcnt', <rdna3emu.parser.ir.Operand object at 0x105001c10>]]],
    [   None,
        [   <rdna3emu.parser.ir.Operand object at 0x105002110>,
            <rdna3emu.parser.ir.Operand object at 0x105001050>,
            <rdna3emu.parser.ir.Operand object at 0x105002750>,
            <rdna3emu.parser.ir.Operand object at 0x105002850>,
            <rdna3emu.parser.ir.Operand object at 0x105002650>,
            <rdna3emu.parser.ir.Operand object at 0x1050026d0>]],
    [   <bound method ScalarOps.s_waitcnt of <rdna3emu.isa.scalar_ops.ScalarOps object at 0x1034d1350>>,
        [['vmcnt', <rdna3emu.parser.ir.Operand object at 0x105002890>]]],
    (   None,
        [   <rdna3emu.parser.ir.Operand object at 0x1050021d0>,
            <rdna3emu.parser.ir.Operand object at 0x1050028d0>,
            'x3c8186e2',
            <rdna3emu.parser.ir.Operand object at 0x1050020d0>],
        None,
        [   <rdna3emu.parser.ir.Operand object at 0x105002c90>,
            <rdna3emu.parser.ir.Operand object at 0x105002910>,
            <rdna3emu.parser.ir.Operand object at 0x105002e10>]),
    [   <bound method ScalarOps.s_waitcnt of <rdna3emu.isa.scalar_ops.ScalarOps object at 0x1034d1350>>,
        [['vmcnt', <rdna3emu.parser.ir.Operand object at 0x105002050>]]],
    [   None,
        [   <rdna3emu.parser.ir.Operand object at 0x105002bd0>,
            <rdna3emu.parser.ir.Operand object at 0x105002710>,
            <rdna3emu.parser.ir.Operand object at 0x105002fd0>,
            <rdna3emu.parser.ir.Operand object at 0x1050030d0>,
            <rdna3emu.parser.ir.Operand object at 0x105002cd0>,
            <rdna3emu.parser.ir.Operand object at 0x105002f50>]],
    [   <bound method ScalarOps.s_delay_alu of <rdna3emu.isa.scalar_ops.ScalarOps object at 0x1034d1350>>,
        [   ['instid0', 'VALU_DEP_2'],
            ['instskip', 'SKIP_2'],
            ['instid1', 'VALU_DEP_3']]],
    (   None,
        [   <rdna3emu.parser.ir.Operand object at 0x105003250>,
            <rdna3emu.parser.ir.Operand object at 0x105002f90>,
            'x3c8186e2',
            <rdna3emu.parser.ir.Operand object at 0x105002550>],
        None,
        [   <rdna3emu.parser.ir.Operand object at 0x105003690>,
            <rdna3emu.parser.ir.Operand object at 0x105003150>,
            <rdna3emu.parser.ir.Operand object at 0x105003810>]),
    [   <bound method ScalarOps.s_waitcnt of <rdna3emu.isa.scalar_ops.ScalarOps object at 0x1034d1350>>,
        [['vmcnt', <rdna3emu.parser.ir.Operand object at 0x1050027d0>]]],
    [   None,
        [   <rdna3emu.parser.ir.Operand object at 0x105003310>,
            <rdna3emu.parser.ir.Operand object at 0x105002f10>,
            <rdna3emu.parser.ir.Operand object at 0x1050039d0>,
            <rdna3emu.parser.ir.Operand object at 0x105003ad0>,
            <rdna3emu.parser.ir.Operand object at 0x1050036d0>,
            <rdna3emu.parser.ir.Operand object at 0x105003950>]],
    [   None,
        [   <rdna3emu.parser.ir.Operand object at 0x1050032d0>,
            <rdna3emu.parser.ir.Operand object at 0x105002ad0>,
            'x3c8186e2',
            <rdna3emu.parser.ir.Operand object at 0x105003090>]],
    [   <bound method ScalarOps.s_delay_alu of <rdna3emu.isa.scalar_ops.ScalarOps object at 0x1034d1350>>,
        [   ['instid0', 'VALU_DEP_3'],
            ['instskip', 'SKIP_2'],
            ['instid1', 'VALU_DEP_2']]],
    [   None,
        [   <rdna3emu.parser.ir.Operand object at 0x105003e50>,
            <rdna3emu.parser.ir.Operand object at 0x105003b10>,
            <rdna3emu.parser.ir.Operand object at 0x105004190>]],
    [   <bound method ScalarOps.s_waitcnt of <rdna3emu.isa.scalar_ops.ScalarOps object at 0x1034d1350>>,
        [['vmcnt', <rdna3emu.parser.ir.Operand object at 0x105004050>]]],
    [   None,
        [   <rdna3emu.parser.ir.Operand object at 0x105004210>,
            <rdna3emu.parser.ir.Operand object at 0x1050040d0>,
            <rdna3emu.parser.ir.Operand object at 0x105004490>,
            <rdna3emu.parser.ir.Operand object at 0x105004590>,
            <rdna3emu.parser.ir.Operand object at 0x105004390>,
            <rdna3emu.parser.ir.Operand object at 0x105004410>]],
    (   None,
        [   <rdna3emu.parser.ir.Operand object at 0x105004250>,
            <rdna3emu.parser.ir.Operand object at 0x1050041d0>,
            'x3c8186e2',
            <rdna3emu.parser.ir.Operand object at 0x105004350>],
        None,
        [   <rdna3emu.parser.ir.Operand object at 0x105004890>,
            <rdna3emu.parser.ir.Operand object at 0x105004150>,
            <rdna3emu.parser.ir.Operand object at 0x105004a10>]),
    [   <bound method ScalarOps.s_waitcnt of <rdna3emu.isa.scalar_ops.ScalarOps object at 0x1034d1350>>,
        [['vmcnt', <rdna3emu.parser.ir.Operand object at 0x105004610>]]],
    [   None,
        [   <rdna3emu.parser.ir.Operand object at 0x105004a90>,
            <rdna3emu.parser.ir.Operand object at 0x1050046d0>,
            <rdna3emu.parser.ir.Operand object at 0x105004bd0>,
            <rdna3emu.parser.ir.Operand object at 0x105004cd0>,
            <rdna3emu.parser.ir.Operand object at 0x1050048d0>,
            <rdna3emu.parser.ir.Operand object at 0x105004b50>]],
    [   <bound method ScalarOps.s_waitcnt of <rdna3emu.isa.scalar_ops.ScalarOps object at 0x1034d1350>>,
        [['vmcnt', <rdna3emu.parser.ir.Operand object at 0x105004d10>]]],
    [   <bound method ScalarOps.s_delay_alu of <rdna3emu.isa.scalar_ops.ScalarOps object at 0x1034d1350>>,
        [   ['instid0', 'VALU_DEP_2'],
            ['instskip', 'SKIP_3'],
            ['instid1', 'VALU_DEP_3']]],
    (   None,
        [   <rdna3emu.parser.ir.Operand object at 0x105004f90>,
            <rdna3emu.parser.ir.Operand object at 0x105004e50>,
            'x3c8186e2',
            <rdna3emu.parser.ir.Operand object at 0x105004690>],
        None,
        [   <rdna3emu.parser.ir.Operand object at 0x1050053d0>,
            <rdna3emu.parser.ir.Operand object at 0x105004e90>,
            <rdna3emu.parser.ir.Operand object at 0x105005550>]),
    [   <bound method ScalarOps.s_waitcnt of <rdna3emu.isa.scalar_ops.ScalarOps object at 0x1034d1350>>,
        [['vmcnt', <rdna3emu.parser.ir.Operand object at 0x105004d90>]]],
    [   None,
        [   <rdna3emu.parser.ir.Operand object at 0x105005050>,
            <rdna3emu.parser.ir.Operand object at 0x105004310>,
            <rdna3emu.parser.ir.Operand object at 0x105005710>,
            <rdna3emu.parser.ir.Operand object at 0x105005810>,
            <rdna3emu.parser.ir.Operand object at 0x105005410>,
            <rdna3emu.parser.ir.Operand object at 0x105005690>]],
    [   None,
        [   <rdna3emu.parser.ir.Operand object at 0x105005010>,
            <rdna3emu.parser.ir.Operand object at 0x105004790>,
            'x3c8186e2',
            <rdna3emu.parser.ir.Operand object at 0x105004510>]],
    [   None,
        [   <rdna3emu.parser.ir.Operand object at 0x105005990>,
            <rdna3emu.parser.ir.Operand object at 0x105005a50>,
            <rdna3emu.parser.ir.Operand object at 0x105005bd0>]],
    [   <bound method ScalarOps.s_waitcnt of <rdna3emu.isa.scalar_ops.ScalarOps object at 0x1034d1350>>,
        [['vmcnt', <rdna3emu.parser.ir.Operand object at 0x105005650>]]],
    [   None,
        [   <rdna3emu.parser.ir.Operand object at 0x105005290>,
            <rdna3emu.parser.ir.Operand object at 0x1050057d0>,
            <rdna3emu.parser.ir.Operand object at 0x105005ed0>,
            <rdna3emu.parser.ir.Operand object at 0x105005fd0>,
            <rdna3emu.parser.ir.Operand object at 0x105005dd0>,
            <rdna3emu.parser.ir.Operand object at 0x105005e50>]],
    [   <bound method ScalarOps.s_delay_alu of <rdna3emu.isa.scalar_ops.ScalarOps object at 0x1034d1350>>,
        [   ['instid0', 'VALU_DEP_2'],
            ['instskip', 'NEXT'],
            ['instid1', 'VALU_DEP_2']]],
    (   None,
        [   <rdna3emu.parser.ir.Operand object at 0x105006150>,
            <rdna3emu.parser.ir.Operand object at 0x105005e90>,
            'x3c8186e2',
            <rdna3emu.parser.ir.Operand object at 0x105005d90>],
        None,
        [   <rdna3emu.parser.ir.Operand object at 0x105006590>,
            <rdna3emu.parser.ir.Operand object at 0x105006050>,
            <rdna3emu.parser.ir.Operand object at 0x105006710>]),
    (   None,
        [   <rdna3emu.parser.ir.Operand object at 0x105005890>,
            <rdna3emu.parser.ir.Operand object at 0x1050061d0>,
            'x3c8186e2',
            <rdna3emu.parser.ir.Operand object at 0x105006290>],
        None,
        [   <rdna3emu.parser.ir.Operand object at 0x105006910>,
            <rdna3emu.parser.ir.Operand object at 0x105006450>,
            <rdna3emu.parser.ir.Operand object at 0x105006a50>]),
    [   <bound method ScalarOps.s_delay_alu of <rdna3emu.isa.scalar_ops.ScalarOps object at 0x1034d1350>>,
        [   ['instid0', 'VALU_DEP_2'],
            ['instskip', 'SKIP_1'],
            ['instid1', 'VALU_DEP_1']]],
    [   None,
        [   <rdna3emu.parser.ir.Operand object at 0x105006310>,
            <rdna3emu.parser.ir.Operand object at 0x105006810>,
            <rdna3emu.parser.ir.Operand object at 0x105006dd0>]],
    [   <bound method ScalarOps.s_waitcnt of <rdna3emu.isa.scalar_ops.ScalarOps object at 0x1034d1350>>,
        [['vmcnt', <rdna3emu.parser.ir.Operand object at 0x1050060d0>]]],
    (   None,
        [   <rdna3emu.parser.ir.Operand object at 0x1050069d0>,
            <rdna3emu.parser.ir.Operand object at 0x105006690>,
            <rdna3emu.parser.ir.Operand object at 0x105007110>],
        <bound method VectorOps.v_dual_mov_b32 of <rdna3emu.isa.vector_ops.VectorOps object at 0x1036bee50>>,
        [   <rdna3emu.parser.ir.Operand object at 0x105007250>,
            <rdna3emu.parser.ir.Operand object at 0x105007090>]),
    [   <function t_INSTRUCTION.<locals>.<lambda> at 0x104fd09a0>,
        [   <rdna3emu.parser.ir.Operand object at 0x105006f10>,
            <rdna3emu.parser.ir.Operand object at 0x105006ed0>]],
    [   <bound method ScalarOps.s_waitcnt of <rdna3emu.isa.scalar_ops.ScalarOps object at 0x1034d1350>>,
        [['lgkmcnt', <rdna3emu.parser.ir.Operand object at 0x1050073d0>]]],
    [   <bound method ScalarOps.s_waitcnt of <rdna3emu.isa.scalar_ops.ScalarOps object at 0x1034d1350>>,
        [['lgkmcnt', <rdna3emu.parser.ir.Operand object at 0x105007210>]]],
    [   None,
        [   <rdna3emu.parser.ir.Operand object at 0x105007490>,
            <rdna3emu.parser.ir.Operand object at 0x105007550>]],
    [   <bound method ScalarOps.s_cbranch_execz of <rdna3emu.isa.scalar_ops.ScalarOps object at 0x1034d1350>>,
        [<rdna3emu.parser.ir.Operand object at 0x105007710>]],
    [   <function t_INSTRUCTION.<locals>.<lambda> at 0x104fd0720>,
        [   <rdna3emu.parser.ir.Operand object at 0x105007450>,
            <rdna3emu.parser.ir.Operand object at 0x105007850>]],
    [   <function t_INSTRUCTION.<locals>.<lambda> at 0x104fd0b80>,
        [   <rdna3emu.parser.ir.Operand object at 0x105007950>,
            <rdna3emu.parser.ir.Operand object at 0x1050079d0>,
            ('offset:', <rdna3emu.parser.ir.Operand object at 0x105007b90>)]],
    [   <bound method ScalarOps.s_add_u32 of <rdna3emu.isa.scalar_ops.ScalarOps object at 0x1034d1350>>,
        [   <rdna3emu.parser.ir.Operand object at 0x105007a10>,
            <rdna3emu.parser.ir.Operand object at 0x105007150>,
            <rdna3emu.parser.ir.Operand object at 0x105007d50>]],
    [   <bound method ScalarOps.s_addc_u32 of <rdna3emu.isa.scalar_ops.ScalarOps object at 0x1034d1350>>,
        [   <rdna3emu.parser.ir.Operand object at 0x105007310>,
            <rdna3emu.parser.ir.Operand object at 0x105007b10>,
            <rdna3emu.parser.ir.Operand object at 0x105007f50>]],
    [   <bound method ScalarOps.s_waitcnt of <rdna3emu.isa.scalar_ops.ScalarOps object at 0x1034d1350>>,
        [['lgkmcnt', <rdna3emu.parser.ir.Operand object at 0x105007e90>]]],
    [   None,
        [   <rdna3emu.parser.ir.Operand object at 0x105007690>,
            <rdna3emu.parser.ir.Operand object at 0x105008090>,
            <rdna3emu.parser.ir.Operand object at 0x105008290>]],
    [   <bound method ScalarOps.s_delay_alu of <rdna3emu.isa.scalar_ops.ScalarOps object at 0x1034d1350>>,
        [   ['instid0', 'VALU_DEP_1'],
            ['instskip', 'NEXT'],
            ['instid1', 'VALU_DEP_1']]],
    [   None,
        [   <rdna3emu.parser.ir.Operand object at 0x105008450>,
            <rdna3emu.parser.ir.Operand object at 0x105008210>,
            <rdna3emu.parser.ir.Operand object at 0x105008750>]],
    [   None,
        [   <rdna3emu.parser.ir.Operand object at 0x105008510>,
            <rdna3emu.parser.ir.Operand object at 0x105008190>,
            <rdna3emu.parser.ir.Operand object at 0x105008950>]],
    [   <bound method ScalarOps.s_delay_alu of <rdna3emu.isa.scalar_ops.ScalarOps object at 0x1034d1350>>,
        [   ['instid0', 'VALU_DEP_1'],
            ['instskip', 'SKIP_3'],
            ['instid1', 'VALU_DEP_1']]],
    [   None,
        [   <rdna3emu.parser.ir.Operand object at 0x105008b10>,
            <rdna3emu.parser.ir.Operand object at 0x105008810>,
            <rdna3emu.parser.ir.Operand object at 0x105008e10>]],
    [   <function t_INSTRUCTION.<locals>.<lambda> at 0x104fd0a40>,
        [   <rdna3emu.parser.ir.Operand object at 0x105008a90>,
            <rdna3emu.parser.ir.Operand object at 0x1050088d0>,
            ('offset:', <rdna3emu.parser.ir.Operand object at 0x105009050>)]],
    [   <bound method ScalarOps.s_waitcnt of <rdna3emu.isa.scalar_ops.ScalarOps object at 0x1034d1350>>,
        [['lgkmcnt', <rdna3emu.parser.ir.Operand object at 0x105008d90>]]],
    [   None,
        [   <rdna3emu.parser.ir.Operand object at 0x1050089d0>,
            <rdna3emu.parser.ir.Operand object at 0x105008d50>,
            <rdna3emu.parser.ir.Operand object at 0x105009350>]],
    [   None,
        [   <rdna3emu.parser.ir.Operand object at 0x105008610>,
            <rdna3emu.parser.ir.Operand object at 0x105008cd0>,
            <rdna3emu.parser.ir.Operand object at 0x105009550>]],
    [   <bound method ScalarOps.s_delay_alu of <rdna3emu.isa.scalar_ops.ScalarOps object at 0x1034d1350>>,
        [   ['instid0', 'VALU_DEP_1'],
            ['instskip', 'NEXT'],
            ['instid1', 'VALU_DEP_1']]],
    [   None,
        [   <rdna3emu.parser.ir.Operand object at 0x105009710>,
            <rdna3emu.parser.ir.Operand object at 0x105009210>,
            <rdna3emu.parser.ir.Operand object at 0x105009a10>]],
    [   None,
        [   <rdna3emu.parser.ir.Operand object at 0x105009610>,
            <rdna3emu.parser.ir.Operand object at 0x1050094d0>,
            <rdna3emu.parser.ir.Operand object at 0x105009c10>]],
    [   <function t_INSTRUCTION.<locals>.<lambda> at 0x104fd0c20>,
        [   <rdna3emu.parser.ir.Operand object at 0x105009790>,
            <rdna3emu.parser.ir.Operand object at 0x105009990>,
            ('offset:', <rdna3emu.parser.ir.Operand object at 0x105009e50>)]],
    [   <bound method ScalarOps.s_waitcnt of <rdna3emu.isa.scalar_ops.ScalarOps object at 0x1034d1350>>,
        [['lgkmcnt', <rdna3emu.parser.ir.Operand object at 0x105009b90>]]],
    [   None,
        [   <rdna3emu.parser.ir.Operand object at 0x1050096d0>,
            <rdna3emu.parser.ir.Operand object at 0x105009b10>,
            <rdna3emu.parser.ir.Operand object at 0x10500a150>]],
    [   <bound method ScalarOps.s_delay_alu of <rdna3emu.isa.scalar_ops.ScalarOps object at 0x1034d1350>>,
        [   ['instid0', 'VALU_DEP_1'],
            ['instskip', 'NEXT'],
            ['instid1', 'VALU_DEP_1']]],
    [   None,
        [   <rdna3emu.parser.ir.Operand object at 0x10500a310>,
            <rdna3emu.parser.ir.Operand object at 0x105009ad0>,
            <rdna3emu.parser.ir.Operand object at 0x10500a610>]],
    [   None,
        [   <rdna3emu.parser.ir.Operand object at 0x10500a290>,
            <rdna3emu.parser.ir.Operand object at 0x10500a0d0>,
            <rdna3emu.parser.ir.Operand object at 0x10500a810>]],
    [   <bound method ScalarOps.s_delay_alu of <rdna3emu.isa.scalar_ops.ScalarOps object at 0x1034d1350>>,
        [   ['instid0', 'VALU_DEP_1'],
            ['instskip', 'SKIP_1'],
            ['instid1', 'VALU_DEP_1']]],
    [   None,
        [   <rdna3emu.parser.ir.Operand object at 0x10500a9d0>,
            <rdna3emu.parser.ir.Operand object at 0x10500a390>,
            <rdna3emu.parser.ir.Operand object at 0x10500acd0>]],
    [   <bound method ScalarOps.s_waitcnt of <rdna3emu.isa.scalar_ops.ScalarOps object at 0x1034d1350>>,
        [['lgkmcnt', <rdna3emu.parser.ir.Operand object at 0x10500a790>]]],
    [   None,
        [   <rdna3emu.parser.ir.Operand object at 0x10500a990>,
            <rdna3emu.parser.ir.Operand object at 0x10500a4d0>,
            <rdna3emu.parser.ir.Operand object at 0x10500b010>]],
    [   <bound method ScalarOps.s_delay_alu of <rdna3emu.isa.scalar_ops.ScalarOps object at 0x1034d1350>>,
        [   ['instid0', 'VALU_DEP_1'],
            ['instskip', 'NEXT'],
            ['instid1', 'VALU_DEP_1']]],
    [   None,
        [   <rdna3emu.parser.ir.Operand object at 0x10500b1d0>,
            <rdna3emu.parser.ir.Operand object at 0x10500a950>,
            <rdna3emu.parser.ir.Operand object at 0x10500b4d0>]],
    [   None,
        [   <rdna3emu.parser.ir.Operand object at 0x10500b150>,
            <rdna3emu.parser.ir.Operand object at 0x10500af90>,
            <rdna3emu.parser.ir.Operand object at 0x10500b6d0>]],
    [   <bound method ScalarOps.s_delay_alu of <rdna3emu.isa.scalar_ops.ScalarOps object at 0x1034d1350>>,
        [['instid0', 'VALU_DEP_1']]],
    [   None,
        [   <rdna3emu.parser.ir.Operand object at 0x10500ae50>,
            <rdna3emu.parser.ir.Operand object at 0x10500b8d0>,
            <rdna3emu.parser.ir.Operand object at 0x10500ba10>]],
    [   <bound method Memory.global_store_b32 of <rdna3emu.isa.memory.Memory object at 0x103966090>>,
        [   <rdna3emu.parser.ir.Operand object at 0x10500b590>,
            <rdna3emu.parser.ir.Operand object at 0x10500b650>,
            <rdna3emu.parser.ir.Operand object at 0x10500bc10>]],
    [   <bound method ScalarOps.s_nop of <rdna3emu.isa.scalar_ops.ScalarOps object at 0x1034d1350>>,
        [<rdna3emu.parser.ir.Operand object at 0x10500ba50>]],
    [   <bound method ScalarOps.s_sendmsg of <rdna3emu.isa.scalar_ops.ScalarOps object at 0x1034d1350>>,
        [['sendmsg', 'MSG_DEALLOC_VGPRS']]],
    <bound method ScalarOps.s_endpgm of <rdna3emu.isa.scalar_ops.ScalarOps object at 0x1034d1350>>]
