LexToken(INTEGER,'0000000000001700',1,0)
LexToken(REF,'<r_10_16_25n1>',1,17)
LexToken(COLON,':',1,31)
LexToken(INSTRUCTION,'s_clause',2,34)
LexToken(INTEGER,'0x1',2,43)
LexToken(INSTRUCTION,'s_load_b64',3,120)
LexToken(SGPR,'s[6:7]',3,131)
LexToken(COMMA,',',3,137)
LexToken(SGPR,'s[0:1]',3,139)
LexToken(COMMA,',',3,145)
LexToken(INTEGER,'0x10',3,147)
LexToken(INSTRUCTION,'s_load_b128',4,215)
LexToken(SGPR,'s[0:3]',4,227)
LexToken(COMMA,',',4,233)
LexToken(SGPR,'s[0:1]',4,235)
LexToken(COMMA,',',4,241)
LexToken(SYMBOL,'null',4,243)
LexToken(INSTRUCTION,'v_mul_u32_u24_e32',5,310)
LexToken(VGPR,'v1',5,328)
LexToken(COMMA,',',5,330)
LexToken(INTEGER,'0xfa',5,332)
LexToken(COMMA,',',5,336)
LexToken(VGPR,'v0',5,338)
LexToken(INSTRUCTION,'s_mov_b32',6,405)
LexToken(SGPR,'s4',6,415)
LexToken(COMMA,',',6,417)
LexToken(SGPR,'s15',6,419)
LexToken(INSTRUCTION,'s_ashr_i32',7,491)
LexToken(SGPR,'s5',7,502)
LexToken(COMMA,',',7,504)
LexToken(SGPR,'s15',7,506)
LexToken(COMMA,',',7,509)
LexToken(INTEGER,'31',7,511)
LexToken(INSTRUCTION,'s_delay_alu',8,577)
LexToken(SYMBOL,'instid0',8,589)
LexToken(LPAREN,'(',8,596)
LexToken(SYMBOL,'SALU_CYCLE_1',8,597)
LexToken(RPAREN,')',8,609)
LexToken(OR,'|',8,611)
LexToken(SYMBOL,'instskip',8,613)
LexToken(LPAREN,'(',8,621)
LexToken(SYMBOL,'NEXT',8,622)
LexToken(RPAREN,')',8,626)
LexToken(OR,'|',8,628)
LexToken(SYMBOL,'instid1',8,630)
LexToken(LPAREN,'(',8,637)
LexToken(SYMBOL,'VALU_DEP_1',8,638)
LexToken(RPAREN,')',8,648)
LexToken(INSTRUCTION,'s_lshl_b64',9,676)
LexToken(SGPR,'s[4:5]',9,687)
LexToken(COMMA,',',9,693)
LexToken(SGPR,'s[4:5]',9,695)
LexToken(COMMA,',',9,701)
LexToken(INTEGER,'2',9,703)
LexToken(INSTRUCTION,'v_lshlrev_b32_e32',10,762)
LexToken(VGPR,'v25',10,780)
LexToken(COMMA,',',10,783)
LexToken(INTEGER,'2',10,785)
LexToken(COMMA,',',10,786)
LexToken(VGPR,'v1',10,788)
LexToken(INSTRUCTION,'v_mul_u32_u24_e32',11,848)
LexToken(VGPR,'v1',11,866)
LexToken(COMMA,',',11,868)
LexToken(INTEGER,'25',11,870)
LexToken(COMMA,',',11,872)
LexToken(VGPR,'v0',11,874)
LexToken(INSTRUCTION,'s_waitcnt',12,934)
LexToken(SYMBOL,'lgkmcnt',12,944)
LexToken(LPAREN,'(',12,951)
LexToken(INTEGER,'0',12,952)
LexToken(RPAREN,')',12,953)
LexToken(INSTRUCTION,'s_add_u32',13,1020)
LexToken(SGPR,'s6',13,1030)
LexToken(COMMA,',',13,1032)
LexToken(SGPR,'s6',13,1034)
LexToken(COMMA,',',13,1036)
LexToken(SGPR,'s4',13,1038)
LexToken(INSTRUCTION,'s_addc_u32',14,1106)
LexToken(SGPR,'s7',14,1117)
LexToken(COMMA,',',14,1119)
LexToken(SGPR,'s7',14,1121)
LexToken(COMMA,',',14,1123)
LexToken(SGPR,'s5',14,1125)
LexToken(INSTRUCTION,'s_clause',15,1192)
LexToken(INTEGER,'0x1',15,1201)
LexToken(SYMBOL,'global_load_b32',16,1278)
LexToken(VGPR,'v26',16,1294)
LexToken(COMMA,',',16,1297)
LexToken(VGPR,'v25',16,1299)
LexToken(COMMA,',',16,1302)
LexToken(SGPR,'s[6:7]',16,1304)
LexToken(SYMBOL,'global_load_b32',17,1373)
LexToken(VGPR,'v27',17,1389)
LexToken(COMMA,',',17,1392)
LexToken(VGPR,'v25',17,1394)
LexToken(COMMA,',',17,1397)
LexToken(SGPR,'s[6:7]',17,1399)
LexToken(LABEL,'offset:',17,1406)
LexToken(INTEGER,'40',17,1413)
LexToken(INSTRUCTION,'s_waitcnt',18,1468)
LexToken(SYMBOL,'vmcnt',18,1478)
LexToken(LPAREN,'(',18,1483)
LexToken(INTEGER,'1',18,1484)
LexToken(RPAREN,')',18,1485)
LexToken(INSTRUCTION,'v_fma_f32',19,1554)
LexToken(VGPR,'v26',19,1564)
LexToken(COMMA,',',19,1567)
LexToken(VGPR,'v26',19,1569)
LexToken(COMMA,',',19,1572)
LexToken(FLOATING,'2.0',19,1574)
LexToken(COMMA,',',19,1577)
LexToken(FLOATING,'-1.0',19,1579)
LexToken(INSTRUCTION,'s_waitcnt',20,1649)
LexToken(SYMBOL,'vmcnt',20,1659)
LexToken(LPAREN,'(',20,1664)
LexToken(INTEGER,'0',20,1665)
LexToken(RPAREN,')',20,1666)
LexToken(INSTRUCTION,'v_fma_f32',21,1735)
LexToken(VGPR,'v27',21,1745)
LexToken(COMMA,',',21,1748)
LexToken(VGPR,'v27',21,1750)
LexToken(COMMA,',',21,1753)
LexToken(FLOATING,'2.0',21,1755)
LexToken(COMMA,',',21,1758)
LexToken(FLOATING,'-1.0',21,1760)
LexToken(INSTRUCTION,'v_lshlrev_b32_e32',22,1830)
LexToken(VGPR,'v28',22,1848)
LexToken(COMMA,',',22,1851)
LexToken(INTEGER,'2',22,1853)
LexToken(COMMA,',',22,1854)
LexToken(VGPR,'v1',22,1856)
LexToken(INSTRUCTION,'s_delay_alu',23,1916)
LexToken(SYMBOL,'instid0',23,1928)
LexToken(LPAREN,'(',23,1935)
LexToken(SYMBOL,'VALU_DEP_2',23,1936)
LexToken(RPAREN,')',23,1946)
LexToken(INSTRUCTION,'v_dual_mul_f32',24,2002)
LexToken(VGPR,'v26',24,2017)
LexToken(COMMA,',',24,2020)
LexToken(INTEGER,'0x3c8186e2',24,2022)
LexToken(COMMA,',',24,2032)
LexToken(VGPR,'v26',24,2034)
LexToken(COLON,':',24,2038)
LexToken(COLON,':',24,2039)
LexToken(INSTRUCTION,'v_dual_mul_f32',24,2041)
LexToken(VGPR,'v27',24,2056)
LexToken(COMMA,',',24,2059)
LexToken(INTEGER,'0x3c8186e2',24,2061)
LexToken(COMMA,',',24,2071)
LexToken(VGPR,'v27',24,2073)
LexToken(SYMBOL,'global_load_b32',25,2121)
LexToken(VGPR,'v29',25,2137)
LexToken(COMMA,',',25,2140)
LexToken(VGPR,'v25',25,2142)
LexToken(COMMA,',',25,2145)
LexToken(SGPR,'s[6:7]',25,2147)
LexToken(LABEL,'offset:',25,2154)
LexToken(INTEGER,'80',25,2161)
LexToken(SYMBOL,'global_load_b128',26,2216)
LexToken(VGPR,'v[1:4]',26,2233)
LexToken(COMMA,',',26,2239)
LexToken(VGPR,'v28',26,2241)
LexToken(COMMA,',',26,2244)
LexToken(SGPR,'s[2:3]',26,2246)
LexToken(INSTRUCTION,'s_clause',27,2311)
LexToken(INTEGER,'0x3',27,2320)
LexToken(SYMBOL,'global_load_b32',28,2397)
LexToken(VGPR,'v30',28,2413)
LexToken(COMMA,',',28,2416)
LexToken(VGPR,'v25',28,2418)
LexToken(COMMA,',',28,2421)
LexToken(SGPR,'s[6:7]',28,2423)
LexToken(LABEL,'offset:',28,2430)
LexToken(INTEGER,'120',28,2437)
LexToken(SYMBOL,'global_load_b32',29,2492)
LexToken(VGPR,'v31',29,2508)
LexToken(COMMA,',',29,2511)
LexToken(VGPR,'v25',29,2513)
LexToken(COMMA,',',29,2516)
LexToken(SGPR,'s[6:7]',29,2518)
LexToken(LABEL,'offset:',29,2525)
LexToken(INTEGER,'160',29,2532)
LexToken(SYMBOL,'global_load_b32',30,2587)
LexToken(VGPR,'v32',30,2603)
LexToken(COMMA,',',30,2606)
LexToken(VGPR,'v25',30,2608)
LexToken(COMMA,',',30,2611)
LexToken(SGPR,'s[6:7]',30,2613)
LexToken(LABEL,'offset:',30,2620)
LexToken(INTEGER,'200',30,2627)
LexToken(SYMBOL,'global_load_b32',31,2682)
LexToken(VGPR,'v33',31,2698)
LexToken(COMMA,',',31,2701)
LexToken(VGPR,'v25',31,2703)
LexToken(COMMA,',',31,2706)
LexToken(SGPR,'s[6:7]',31,2708)
LexToken(LABEL,'offset:',31,2715)
LexToken(INTEGER,'240',31,2722)
LexToken(SYMBOL,'global_load_b128',32,2777)
LexToken(VGPR,'v[5:8]',32,2794)
LexToken(COMMA,',',32,2800)
LexToken(VGPR,'v28',32,2802)
LexToken(COMMA,',',32,2805)
LexToken(SGPR,'s[2:3]',32,2807)
LexToken(LABEL,'offset:',32,2814)
LexToken(INTEGER,'16',32,2821)
LexToken(INSTRUCTION,'s_clause',33,2872)
LexToken(INTEGER,'0x3',33,2881)
LexToken(SYMBOL,'global_load_b32',34,2958)
LexToken(VGPR,'v34',34,2974)
LexToken(COMMA,',',34,2977)
LexToken(VGPR,'v25',34,2979)
LexToken(COMMA,',',34,2982)
LexToken(SGPR,'s[6:7]',34,2984)
LexToken(LABEL,'offset:',34,2991)
LexToken(INTEGER,'280',34,2998)
LexToken(SYMBOL,'global_load_b32',35,3053)
LexToken(VGPR,'v35',35,3069)
LexToken(COMMA,',',35,3072)
LexToken(VGPR,'v25',35,3074)
LexToken(COMMA,',',35,3077)
LexToken(SGPR,'s[6:7]',35,3079)
LexToken(LABEL,'offset:',35,3086)
LexToken(INTEGER,'320',35,3093)
LexToken(SYMBOL,'global_load_b32',36,3148)
LexToken(VGPR,'v36',36,3164)
LexToken(COMMA,',',36,3167)
LexToken(VGPR,'v25',36,3169)
LexToken(COMMA,',',36,3172)
LexToken(SGPR,'s[6:7]',36,3174)
LexToken(LABEL,'offset:',36,3181)
LexToken(INTEGER,'360',36,3188)
LexToken(SYMBOL,'global_load_b32',37,3243)
LexToken(VGPR,'v37',37,3259)
LexToken(COMMA,',',37,3262)
LexToken(VGPR,'v25',37,3264)
LexToken(COMMA,',',37,3267)
LexToken(SGPR,'s[6:7]',37,3269)
LexToken(LABEL,'offset:',37,3276)
LexToken(INTEGER,'400',37,3283)
LexToken(SYMBOL,'global_load_b128',38,3338)
LexToken(VGPR,'v[9:12]',38,3355)
LexToken(COMMA,',',38,3362)
LexToken(VGPR,'v28',38,3364)
LexToken(COMMA,',',38,3367)
LexToken(SGPR,'s[2:3]',38,3369)
LexToken(LABEL,'offset:',38,3376)
LexToken(INTEGER,'32',38,3383)
LexToken(INSTRUCTION,'s_clause',39,3433)
LexToken(INTEGER,'0x3',39,3442)
LexToken(SYMBOL,'global_load_b32',40,3519)
LexToken(VGPR,'v38',40,3535)
LexToken(COMMA,',',40,3538)
LexToken(VGPR,'v25',40,3540)
LexToken(COMMA,',',40,3543)
LexToken(SGPR,'s[6:7]',40,3545)
LexToken(LABEL,'offset:',40,3552)
LexToken(INTEGER,'440',40,3559)
LexToken(SYMBOL,'global_load_b32',41,3614)
LexToken(VGPR,'v39',41,3630)
LexToken(COMMA,',',41,3633)
LexToken(VGPR,'v25',41,3635)
LexToken(COMMA,',',41,3638)
LexToken(SGPR,'s[6:7]',41,3640)
LexToken(LABEL,'offset:',41,3647)
LexToken(INTEGER,'480',41,3654)
LexToken(SYMBOL,'global_load_b32',42,3709)
LexToken(VGPR,'v40',42,3725)
LexToken(COMMA,',',42,3728)
LexToken(VGPR,'v25',42,3730)
LexToken(COMMA,',',42,3733)
LexToken(SGPR,'s[6:7]',42,3735)
LexToken(LABEL,'offset:',42,3742)
LexToken(INTEGER,'520',42,3749)
LexToken(SYMBOL,'global_load_b32',43,3804)
LexToken(VGPR,'v41',43,3820)
LexToken(COMMA,',',43,3823)
LexToken(VGPR,'v25',43,3825)
LexToken(COMMA,',',43,3828)
LexToken(SGPR,'s[6:7]',43,3830)
LexToken(LABEL,'offset:',43,3837)
LexToken(INTEGER,'560',43,3844)
LexToken(SYMBOL,'global_load_b128',44,3899)
LexToken(VGPR,'v[13:16]',44,3916)
LexToken(COMMA,',',44,3924)
LexToken(VGPR,'v28',44,3926)
LexToken(COMMA,',',44,3929)
LexToken(SGPR,'s[2:3]',44,3931)
LexToken(LABEL,'offset:',44,3938)
LexToken(INTEGER,'48',44,3945)
LexToken(INSTRUCTION,'s_clause',45,3994)
LexToken(INTEGER,'0x3',45,4003)
LexToken(SYMBOL,'global_load_b32',46,4080)
LexToken(VGPR,'v42',46,4096)
LexToken(COMMA,',',46,4099)
LexToken(VGPR,'v25',46,4101)
LexToken(COMMA,',',46,4104)
LexToken(SGPR,'s[6:7]',46,4106)
LexToken(LABEL,'offset:',46,4113)
LexToken(INTEGER,'600',46,4120)
LexToken(SYMBOL,'global_load_b32',47,4175)
LexToken(VGPR,'v43',47,4191)
LexToken(COMMA,',',47,4194)
LexToken(VGPR,'v25',47,4196)
LexToken(COMMA,',',47,4199)
LexToken(SGPR,'s[6:7]',47,4201)
LexToken(LABEL,'offset:',47,4208)
LexToken(INTEGER,'640',47,4215)
LexToken(SYMBOL,'global_load_b32',48,4270)
LexToken(VGPR,'v44',48,4286)
LexToken(COMMA,',',48,4289)
LexToken(VGPR,'v25',48,4291)
LexToken(COMMA,',',48,4294)
LexToken(SGPR,'s[6:7]',48,4296)
LexToken(LABEL,'offset:',48,4303)
LexToken(INTEGER,'680',48,4310)
LexToken(SYMBOL,'global_load_b32',49,4365)
LexToken(VGPR,'v45',49,4381)
LexToken(COMMA,',',49,4384)
LexToken(VGPR,'v25',49,4386)
LexToken(COMMA,',',49,4389)
LexToken(SGPR,'s[6:7]',49,4391)
LexToken(LABEL,'offset:',49,4398)
LexToken(INTEGER,'720',49,4405)
LexToken(SYMBOL,'global_load_b128',50,4460)
LexToken(VGPR,'v[17:20]',50,4477)
LexToken(COMMA,',',50,4485)
LexToken(VGPR,'v28',50,4487)
LexToken(COMMA,',',50,4490)
LexToken(SGPR,'s[2:3]',50,4492)
LexToken(LABEL,'offset:',50,4499)
LexToken(INTEGER,'64',50,4506)
LexToken(INSTRUCTION,'s_clause',51,4555)
LexToken(INTEGER,'0x3',51,4564)
LexToken(SYMBOL,'global_load_b32',52,4641)
LexToken(VGPR,'v46',52,4657)
LexToken(COMMA,',',52,4660)
LexToken(VGPR,'v25',52,4662)
LexToken(COMMA,',',52,4665)
LexToken(SGPR,'s[6:7]',52,4667)
LexToken(LABEL,'offset:',52,4674)
LexToken(INTEGER,'760',52,4681)
LexToken(SYMBOL,'global_load_b32',53,4736)
LexToken(VGPR,'v47',53,4752)
LexToken(COMMA,',',53,4755)
LexToken(VGPR,'v25',53,4757)
LexToken(COMMA,',',53,4760)
LexToken(SGPR,'s[6:7]',53,4762)
LexToken(LABEL,'offset:',53,4769)
LexToken(INTEGER,'800',53,4776)
LexToken(SYMBOL,'global_load_b32',54,4831)
LexToken(VGPR,'v48',54,4847)
LexToken(COMMA,',',54,4850)
LexToken(VGPR,'v25',54,4852)
LexToken(COMMA,',',54,4855)
LexToken(SGPR,'s[6:7]',54,4857)
LexToken(LABEL,'offset:',54,4864)
LexToken(INTEGER,'840',54,4871)
LexToken(SYMBOL,'global_load_b32',55,4926)
LexToken(VGPR,'v49',55,4942)
LexToken(COMMA,',',55,4945)
LexToken(VGPR,'v25',55,4947)
LexToken(COMMA,',',55,4950)
LexToken(SGPR,'s[6:7]',55,4952)
LexToken(LABEL,'offset:',55,4959)
LexToken(INTEGER,'880',55,4966)
LexToken(SYMBOL,'global_load_b128',56,5021)
LexToken(VGPR,'v[21:24]',56,5038)
LexToken(COMMA,',',56,5046)
LexToken(VGPR,'v28',56,5048)
LexToken(COMMA,',',56,5051)
LexToken(SGPR,'s[2:3]',56,5053)
LexToken(LABEL,'offset:',56,5060)
LexToken(INTEGER,'80',56,5067)
LexToken(INSTRUCTION,'s_clause',57,5116)
LexToken(INTEGER,'0x1',57,5125)
LexToken(SYMBOL,'global_load_b32',58,5202)
LexToken(VGPR,'v50',58,5218)
LexToken(COMMA,',',58,5221)
LexToken(VGPR,'v25',58,5223)
LexToken(COMMA,',',58,5226)
LexToken(SGPR,'s[6:7]',58,5228)
LexToken(LABEL,'offset:',58,5235)
LexToken(INTEGER,'920',58,5242)
LexToken(SYMBOL,'global_load_b32',59,5297)
LexToken(VGPR,'v25',59,5313)
LexToken(COMMA,',',59,5316)
LexToken(VGPR,'v25',59,5318)
LexToken(COMMA,',',59,5321)
LexToken(SGPR,'s[6:7]',59,5323)
LexToken(LABEL,'offset:',59,5330)
LexToken(INTEGER,'960',59,5337)
LexToken(SYMBOL,'global_load_b32',60,5392)
LexToken(VGPR,'v28',60,5408)
LexToken(COMMA,',',60,5411)
LexToken(VGPR,'v28',60,5413)
LexToken(COMMA,',',60,5416)
LexToken(SGPR,'s[2:3]',60,5418)
LexToken(LABEL,'offset:',60,5425)
LexToken(INTEGER,'96',60,5432)
LexToken(INSTRUCTION,'s_mov_b32',61,5487)
LexToken(SGPR,'s2',61,5497)
LexToken(COMMA,',',61,5499)
LexToken(SYMBOL,'exec_lo',61,5501)
LexToken(INSTRUCTION,'s_waitcnt',62,5573)
LexToken(SYMBOL,'vmcnt',62,5583)
LexToken(LPAREN,'(',62,5588)
LexToken(INTEGER,'29',62,5589)
LexToken(RPAREN,')',62,5591)
LexToken(INSTRUCTION,'v_fma_f32',63,5659)
LexToken(VGPR,'v29',63,5669)
LexToken(COMMA,',',63,5672)
LexToken(VGPR,'v29',63,5674)
LexToken(COMMA,',',63,5677)
LexToken(FLOATING,'2.0',63,5679)
LexToken(COMMA,',',63,5682)
LexToken(FLOATING,'-1.0',63,5684)
LexToken(INSTRUCTION,'s_waitcnt',64,5754)
LexToken(SYMBOL,'vmcnt',64,5764)
LexToken(LPAREN,'(',64,5769)
LexToken(INTEGER,'28',64,5770)
LexToken(RPAREN,')',64,5772)
LexToken(INSTRUCTION,'v_fma_f32',65,5840)
LexToken(VGPR,'v26',65,5850)
LexToken(COMMA,',',65,5853)
LexToken(VGPR,'v1',65,5855)
LexToken(COMMA,',',65,5857)
LexToken(VGPR,'v26',65,5859)
LexToken(COMMA,',',65,5862)
LexToken(INTEGER,'0',65,5864)
LexToken(INSTRUCTION,'s_waitcnt',66,5935)
LexToken(SYMBOL,'vmcnt',66,5945)
LexToken(LPAREN,'(',66,5950)
LexToken(INTEGER,'27',66,5951)
LexToken(RPAREN,')',66,5953)
LexToken(INSTRUCTION,'v_fma_f32',67,6021)
LexToken(VGPR,'v1',67,6031)
LexToken(COMMA,',',67,6033)
LexToken(VGPR,'v30',67,6035)
LexToken(COMMA,',',67,6038)
LexToken(FLOATING,'2.0',67,6040)
LexToken(COMMA,',',67,6043)
LexToken(FLOATING,'-1.0',67,6045)
LexToken(INSTRUCTION,'s_delay_alu',68,6116)
LexToken(SYMBOL,'instid0',68,6128)
LexToken(LPAREN,'(',68,6135)
LexToken(SYMBOL,'VALU_DEP_2',68,6136)
LexToken(RPAREN,')',68,6146)
LexToken(OR,'|',68,6148)
LexToken(SYMBOL,'instskip',68,6150)
LexToken(LPAREN,'(',68,6158)
LexToken(SYMBOL,'SKIP_2',68,6159)
LexToken(RPAREN,')',68,6165)
LexToken(OR,'|',68,6167)
LexToken(SYMBOL,'instid1',68,6169)
LexToken(LPAREN,'(',68,6176)
LexToken(SYMBOL,'VALU_DEP_3',68,6177)
LexToken(RPAREN,')',68,6187)
LexToken(INSTRUCTION,'v_dual_mul_f32',69,6215)
LexToken(VGPR,'v29',69,6230)
LexToken(COMMA,',',69,6233)
LexToken(INTEGER,'0x3c8186e2',69,6235)
LexToken(COMMA,',',69,6245)
LexToken(VGPR,'v29',69,6247)
LexToken(COLON,':',69,6251)
LexToken(COLON,':',69,6252)
LexToken(INSTRUCTION,'v_dual_fmac_f32',69,6254)
LexToken(VGPR,'v26',69,6270)
LexToken(COMMA,',',69,6273)
LexToken(VGPR,'v2',69,6275)
LexToken(COMMA,',',69,6277)
LexToken(VGPR,'v27',69,6279)
LexToken(INSTRUCTION,'s_waitcnt',70,6327)
LexToken(SYMBOL,'vmcnt',70,6337)
LexToken(LPAREN,'(',70,6342)
LexToken(INTEGER,'26',70,6343)
LexToken(RPAREN,')',70,6345)
LexToken(INSTRUCTION,'v_fma_f32',71,6413)
LexToken(VGPR,'v2',71,6423)
LexToken(COMMA,',',71,6425)
LexToken(VGPR,'v31',71,6427)
LexToken(COMMA,',',71,6430)
LexToken(FLOATING,'2.0',71,6432)
LexToken(COMMA,',',71,6435)
LexToken(FLOATING,'-1.0',71,6437)
LexToken(INSTRUCTION,'v_mul_f32_e32',72,6508)
LexToken(VGPR,'v1',72,6522)
LexToken(COMMA,',',72,6524)
LexToken(INTEGER,'0x3c8186e2',72,6526)
LexToken(COMMA,',',72,6536)
LexToken(VGPR,'v1',72,6538)
LexToken(INSTRUCTION,'s_delay_alu',73,6603)
LexToken(SYMBOL,'instid0',73,6615)
LexToken(LPAREN,'(',73,6622)
LexToken(SYMBOL,'VALU_DEP_3',73,6623)
LexToken(RPAREN,')',73,6633)
LexToken(OR,'|',73,6635)
LexToken(SYMBOL,'instskip',73,6637)
LexToken(LPAREN,'(',73,6645)
LexToken(SYMBOL,'SKIP_2',73,6646)
LexToken(RPAREN,')',73,6652)
LexToken(OR,'|',73,6654)
LexToken(SYMBOL,'instid1',73,6656)
LexToken(LPAREN,'(',73,6663)
LexToken(SYMBOL,'VALU_DEP_1',73,6664)
LexToken(RPAREN,')',73,6674)
LexToken(INSTRUCTION,'v_fmac_f32_e32',74,6702)
LexToken(VGPR,'v26',74,6717)
LexToken(COMMA,',',74,6720)
LexToken(VGPR,'v3',74,6722)
LexToken(COMMA,',',74,6724)
LexToken(VGPR,'v29',74,6726)
LexToken(INSTRUCTION,'s_waitcnt',75,6788)
LexToken(SYMBOL,'vmcnt',75,6798)
LexToken(LPAREN,'(',75,6803)
LexToken(INTEGER,'25',75,6804)
LexToken(RPAREN,')',75,6806)
LexToken(INSTRUCTION,'v_fma_f32',76,6874)
LexToken(VGPR,'v3',76,6884)
LexToken(COMMA,',',76,6886)
LexToken(VGPR,'v32',76,6888)
LexToken(COMMA,',',76,6891)
LexToken(FLOATING,'2.0',76,6893)
LexToken(COMMA,',',76,6896)
LexToken(FLOATING,'-1.0',76,6898)
LexToken(INSTRUCTION,'v_dual_mul_f32',77,6969)
LexToken(VGPR,'v2',77,6984)
LexToken(COMMA,',',77,6986)
LexToken(INTEGER,'0x3c8186e2',77,6988)
LexToken(COMMA,',',77,6998)
LexToken(VGPR,'v2',77,7000)
LexToken(COLON,':',77,7003)
LexToken(COLON,':',77,7004)
LexToken(INSTRUCTION,'v_dual_mul_f32',77,7006)
LexToken(VGPR,'v3',77,7021)
LexToken(COMMA,',',77,7023)
LexToken(INTEGER,'0x3c8186e2',77,7025)
LexToken(COMMA,',',77,7035)
LexToken(VGPR,'v3',77,7037)
LexToken(INSTRUCTION,'s_delay_alu',78,7084)
LexToken(SYMBOL,'instid0',78,7096)
LexToken(LPAREN,'(',78,7103)
LexToken(SYMBOL,'VALU_DEP_3',78,7104)
LexToken(RPAREN,')',78,7114)
LexToken(OR,'|',78,7116)
LexToken(SYMBOL,'instskip',78,7118)
LexToken(LPAREN,'(',78,7126)
LexToken(SYMBOL,'SKIP_3',78,7127)
LexToken(RPAREN,')',78,7133)
LexToken(OR,'|',78,7135)
LexToken(SYMBOL,'instid1',78,7137)
LexToken(LPAREN,'(',78,7144)
LexToken(SYMBOL,'VALU_DEP_1',78,7145)
LexToken(RPAREN,')',78,7155)
LexToken(INSTRUCTION,'v_fmac_f32_e32',79,7183)
LexToken(VGPR,'v26',79,7198)
LexToken(COMMA,',',79,7201)
LexToken(VGPR,'v4',79,7203)
LexToken(COMMA,',',79,7205)
LexToken(VGPR,'v1',79,7207)
LexToken(INSTRUCTION,'s_waitcnt',80,7269)
LexToken(SYMBOL,'vmcnt',80,7279)
LexToken(LPAREN,'(',80,7284)
LexToken(INTEGER,'24',80,7285)
LexToken(RPAREN,')',80,7287)
LexToken(INSTRUCTION,'v_fma_f32',81,7355)
LexToken(VGPR,'v1',81,7365)
LexToken(COMMA,',',81,7367)
LexToken(VGPR,'v33',81,7369)
LexToken(COMMA,',',81,7372)
LexToken(FLOATING,'2.0',81,7374)
LexToken(COMMA,',',81,7377)
LexToken(FLOATING,'-1.0',81,7379)
LexToken(INSTRUCTION,'s_waitcnt',82,7450)
LexToken(SYMBOL,'vmcnt',82,7460)
LexToken(LPAREN,'(',82,7465)
LexToken(INTEGER,'23',82,7466)
LexToken(RPAREN,')',82,7468)
LexToken(INSTRUCTION,'v_dual_fmac_f32',83,7536)
LexToken(VGPR,'v26',83,7552)
LexToken(COMMA,',',83,7555)
LexToken(VGPR,'v5',83,7557)
LexToken(COMMA,',',83,7559)
LexToken(VGPR,'v2',83,7561)
LexToken(COLON,':',83,7564)
LexToken(COLON,':',83,7565)
LexToken(INSTRUCTION,'v_dual_mul_f32',83,7567)
LexToken(VGPR,'v1',83,7582)
LexToken(COMMA,',',83,7584)
LexToken(INTEGER,'0x3c8186e2',83,7586)
LexToken(COMMA,',',83,7596)
LexToken(VGPR,'v1',83,7598)
LexToken(INSTRUCTION,'s_waitcnt',84,7645)
LexToken(SYMBOL,'vmcnt',84,7655)
LexToken(LPAREN,'(',84,7660)
LexToken(INTEGER,'22',84,7661)
LexToken(RPAREN,')',84,7663)
LexToken(INSTRUCTION,'v_fma_f32',85,7731)
LexToken(VGPR,'v2',85,7741)
LexToken(COMMA,',',85,7743)
LexToken(VGPR,'v34',85,7745)
LexToken(COMMA,',',85,7748)
LexToken(FLOATING,'2.0',85,7750)
LexToken(COMMA,',',85,7753)
LexToken(FLOATING,'-1.0',85,7755)
LexToken(INSTRUCTION,'s_delay_alu',86,7826)
LexToken(SYMBOL,'instid0',86,7838)
LexToken(LPAREN,'(',86,7845)
LexToken(SYMBOL,'VALU_DEP_2',86,7846)
LexToken(RPAREN,')',86,7856)
LexToken(OR,'|',86,7858)
LexToken(SYMBOL,'instskip',86,7860)
LexToken(LPAREN,'(',86,7868)
LexToken(SYMBOL,'SKIP_2',86,7869)
LexToken(RPAREN,')',86,7875)
LexToken(OR,'|',86,7877)
LexToken(SYMBOL,'instid1',86,7879)
LexToken(LPAREN,'(',86,7886)
LexToken(SYMBOL,'VALU_DEP_3',86,7887)
LexToken(RPAREN,')',86,7897)
LexToken(INSTRUCTION,'v_fmac_f32_e32',87,7925)
LexToken(VGPR,'v26',87,7940)
LexToken(COMMA,',',87,7943)
LexToken(VGPR,'v6',87,7945)
LexToken(COMMA,',',87,7947)
LexToken(VGPR,'v3',87,7949)
LexToken(INSTRUCTION,'s_waitcnt',88,8011)
LexToken(SYMBOL,'vmcnt',88,8021)
LexToken(LPAREN,'(',88,8026)
LexToken(INTEGER,'21',88,8027)
LexToken(RPAREN,')',88,8029)
LexToken(INSTRUCTION,'v_fma_f32',89,8097)
LexToken(VGPR,'v3',89,8107)
LexToken(COMMA,',',89,8109)
LexToken(VGPR,'v35',89,8111)
LexToken(COMMA,',',89,8114)
LexToken(FLOATING,'2.0',89,8116)
LexToken(COMMA,',',89,8119)
LexToken(FLOATING,'-1.0',89,8121)
LexToken(INSTRUCTION,'v_mul_f32_e32',90,8192)
LexToken(VGPR,'v2',90,8206)
LexToken(COMMA,',',90,8208)
LexToken(INTEGER,'0x3c8186e2',90,8210)
LexToken(COMMA,',',90,8220)
LexToken(VGPR,'v2',90,8222)
LexToken(INSTRUCTION,'s_delay_alu',91,8287)
LexToken(SYMBOL,'instid0',91,8299)
LexToken(LPAREN,'(',91,8306)
LexToken(SYMBOL,'VALU_DEP_3',91,8307)
LexToken(RPAREN,')',91,8317)
LexToken(OR,'|',91,8319)
LexToken(SYMBOL,'instskip',91,8321)
LexToken(LPAREN,'(',91,8329)
LexToken(SYMBOL,'SKIP_2',91,8330)
LexToken(RPAREN,')',91,8336)
LexToken(OR,'|',91,8338)
LexToken(SYMBOL,'instid1',91,8340)
LexToken(LPAREN,'(',91,8347)
LexToken(SYMBOL,'VALU_DEP_2',91,8348)
LexToken(RPAREN,')',91,8358)
LexToken(INSTRUCTION,'v_fmac_f32_e32',92,8386)
LexToken(VGPR,'v26',92,8401)
LexToken(COMMA,',',92,8404)
LexToken(VGPR,'v7',92,8406)
LexToken(COMMA,',',92,8408)
LexToken(VGPR,'v1',92,8410)
LexToken(INSTRUCTION,'s_waitcnt',93,8472)
LexToken(SYMBOL,'vmcnt',93,8482)
LexToken(LPAREN,'(',93,8487)
LexToken(INTEGER,'20',93,8488)
LexToken(RPAREN,')',93,8490)
LexToken(INSTRUCTION,'v_fma_f32',94,8558)
LexToken(VGPR,'v1',94,8568)
LexToken(COMMA,',',94,8570)
LexToken(VGPR,'v36',94,8572)
LexToken(COMMA,',',94,8575)
LexToken(FLOATING,'2.0',94,8577)
LexToken(COMMA,',',94,8580)
LexToken(FLOATING,'-1.0',94,8582)
LexToken(INSTRUCTION,'v_dual_mul_f32',95,8653)
LexToken(VGPR,'v3',95,8668)
LexToken(COMMA,',',95,8670)
LexToken(INTEGER,'0x3c8186e2',95,8672)
LexToken(COMMA,',',95,8682)
LexToken(VGPR,'v3',95,8684)
LexToken(COLON,':',95,8687)
LexToken(COLON,':',95,8688)
LexToken(INSTRUCTION,'v_dual_fmac_f32',95,8690)
LexToken(VGPR,'v26',95,8706)
LexToken(COMMA,',',95,8709)
LexToken(VGPR,'v8',95,8711)
LexToken(COMMA,',',95,8713)
LexToken(VGPR,'v2',95,8715)
LexToken(INSTRUCTION,'s_waitcnt',96,8762)
LexToken(SYMBOL,'vmcnt',96,8772)
LexToken(LPAREN,'(',96,8777)
LexToken(INTEGER,'19',96,8778)
LexToken(RPAREN,')',96,8780)
LexToken(INSTRUCTION,'v_fma_f32',97,8848)
LexToken(VGPR,'v2',97,8858)
LexToken(COMMA,',',97,8860)
LexToken(VGPR,'v37',97,8862)
LexToken(COMMA,',',97,8865)
LexToken(FLOATING,'2.0',97,8867)
LexToken(COMMA,',',97,8870)
LexToken(FLOATING,'-1.0',97,8872)
LexToken(INSTRUCTION,'s_waitcnt',98,8943)
LexToken(SYMBOL,'vmcnt',98,8953)
LexToken(LPAREN,'(',98,8958)
LexToken(INTEGER,'18',98,8959)
LexToken(RPAREN,')',98,8961)
LexToken(INSTRUCTION,'s_delay_alu',99,9029)
LexToken(SYMBOL,'instid0',99,9041)
LexToken(LPAREN,'(',99,9048)
LexToken(SYMBOL,'VALU_DEP_2',99,9049)
LexToken(RPAREN,')',99,9059)
LexToken(OR,'|',99,9061)
LexToken(SYMBOL,'instskip',99,9063)
LexToken(LPAREN,'(',99,9071)
LexToken(SYMBOL,'SKIP_3',99,9072)
LexToken(RPAREN,')',99,9078)
LexToken(OR,'|',99,9080)
LexToken(SYMBOL,'instid1',99,9082)
LexToken(LPAREN,'(',99,9089)
LexToken(SYMBOL,'VALU_DEP_3',99,9090)
LexToken(RPAREN,')',99,9100)
LexToken(INSTRUCTION,'v_dual_mul_f32',100,9128)
LexToken(VGPR,'v1',100,9143)
LexToken(COMMA,',',100,9145)
LexToken(INTEGER,'0x3c8186e2',100,9147)
LexToken(COMMA,',',100,9157)
LexToken(VGPR,'v1',100,9159)
LexToken(COLON,':',100,9162)
LexToken(COLON,':',100,9163)
LexToken(INSTRUCTION,'v_dual_fmac_f32',100,9165)
LexToken(VGPR,'v26',100,9181)
LexToken(COMMA,',',100,9184)
LexToken(VGPR,'v9',100,9186)
LexToken(COMMA,',',100,9188)
LexToken(VGPR,'v3',100,9190)
LexToken(INSTRUCTION,'s_waitcnt',101,9237)
LexToken(SYMBOL,'vmcnt',101,9247)
LexToken(LPAREN,'(',101,9252)
LexToken(INTEGER,'17',101,9253)
LexToken(RPAREN,')',101,9255)
LexToken(INSTRUCTION,'v_fma_f32',102,9323)
LexToken(VGPR,'v3',102,9333)
LexToken(COMMA,',',102,9335)
LexToken(VGPR,'v38',102,9337)
LexToken(COMMA,',',102,9340)
LexToken(FLOATING,'2.0',102,9342)
LexToken(COMMA,',',102,9345)
LexToken(FLOATING,'-1.0',102,9347)
LexToken(INSTRUCTION,'v_mul_f32_e32',103,9418)
LexToken(VGPR,'v2',103,9432)
LexToken(COMMA,',',103,9434)
LexToken(INTEGER,'0x3c8186e2',103,9436)
LexToken(COMMA,',',103,9446)
LexToken(VGPR,'v2',103,9448)
LexToken(INSTRUCTION,'v_fmac_f32_e32',104,9513)
LexToken(VGPR,'v26',104,9528)
LexToken(COMMA,',',104,9531)
LexToken(VGPR,'v10',104,9533)
LexToken(COMMA,',',104,9536)
LexToken(VGPR,'v1',104,9538)
LexToken(INSTRUCTION,'s_waitcnt',105,9599)
LexToken(SYMBOL,'vmcnt',105,9609)
LexToken(LPAREN,'(',105,9614)
LexToken(INTEGER,'16',105,9615)
LexToken(RPAREN,')',105,9617)
LexToken(INSTRUCTION,'v_fma_f32',106,9685)
LexToken(VGPR,'v1',106,9695)
LexToken(COMMA,',',106,9697)
LexToken(VGPR,'v39',106,9699)
LexToken(COMMA,',',106,9702)
LexToken(FLOATING,'2.0',106,9704)
LexToken(COMMA,',',106,9707)
LexToken(FLOATING,'-1.0',106,9709)
LexToken(INSTRUCTION,'s_delay_alu',107,9780)
LexToken(SYMBOL,'instid0',107,9792)
LexToken(LPAREN,'(',107,9799)
LexToken(SYMBOL,'VALU_DEP_2',107,9800)
LexToken(RPAREN,')',107,9810)
LexToken(OR,'|',107,9812)
LexToken(SYMBOL,'instskip',107,9814)
LexToken(LPAREN,'(',107,9822)
LexToken(SYMBOL,'SKIP_2',107,9823)
LexToken(RPAREN,')',107,9829)
LexToken(OR,'|',107,9831)
LexToken(SYMBOL,'instid1',107,9833)
LexToken(LPAREN,'(',107,9840)
LexToken(SYMBOL,'VALU_DEP_2',107,9841)
LexToken(RPAREN,')',107,9851)
LexToken(INSTRUCTION,'v_dual_mul_f32',108,9879)
LexToken(VGPR,'v3',108,9894)
LexToken(COMMA,',',108,9896)
LexToken(INTEGER,'0x3c8186e2',108,9898)
LexToken(COMMA,',',108,9908)
LexToken(VGPR,'v3',108,9910)
LexToken(COLON,':',108,9913)
LexToken(COLON,':',108,9914)
LexToken(INSTRUCTION,'v_dual_fmac_f32',108,9916)
LexToken(VGPR,'v26',108,9932)
LexToken(COMMA,',',108,9935)
LexToken(VGPR,'v11',108,9937)
LexToken(COMMA,',',108,9940)
LexToken(VGPR,'v2',108,9942)
LexToken(INSTRUCTION,'s_waitcnt',109,9989)
LexToken(SYMBOL,'vmcnt',109,9999)
LexToken(LPAREN,'(',109,10004)
LexToken(INTEGER,'15',109,10005)
LexToken(RPAREN,')',109,10007)
LexToken(INSTRUCTION,'v_fma_f32',110,10075)
LexToken(VGPR,'v2',110,10085)
LexToken(COMMA,',',110,10087)
LexToken(VGPR,'v40',110,10089)
LexToken(COMMA,',',110,10092)
LexToken(FLOATING,'2.0',110,10094)
LexToken(COMMA,',',110,10097)
LexToken(FLOATING,'-1.0',110,10099)
LexToken(INSTRUCTION,'v_dual_mul_f32',111,10170)
LexToken(VGPR,'v1',111,10185)
LexToken(COMMA,',',111,10187)
LexToken(INTEGER,'0x3c8186e2',111,10189)
LexToken(COMMA,',',111,10199)
LexToken(VGPR,'v1',111,10201)
LexToken(COLON,':',111,10204)
LexToken(COLON,':',111,10205)
LexToken(INSTRUCTION,'v_dual_fmac_f32',111,10207)
LexToken(VGPR,'v26',111,10223)
LexToken(COMMA,',',111,10226)
LexToken(VGPR,'v12',111,10228)
LexToken(COMMA,',',111,10231)
LexToken(VGPR,'v3',111,10233)
LexToken(INSTRUCTION,'s_waitcnt',112,10280)
LexToken(SYMBOL,'vmcnt',112,10290)
LexToken(LPAREN,'(',112,10295)
LexToken(INTEGER,'14',112,10296)
LexToken(RPAREN,')',112,10298)
LexToken(INSTRUCTION,'v_fma_f32',113,10366)
LexToken(VGPR,'v3',113,10376)
LexToken(COMMA,',',113,10378)
LexToken(VGPR,'v41',113,10380)
LexToken(COMMA,',',113,10383)
LexToken(FLOATING,'2.0',113,10385)
LexToken(COMMA,',',113,10388)
LexToken(FLOATING,'-1.0',113,10390)
LexToken(INSTRUCTION,'s_delay_alu',114,10461)
LexToken(SYMBOL,'instid0',114,10473)
LexToken(LPAREN,'(',114,10480)
LexToken(SYMBOL,'VALU_DEP_3',114,10481)
LexToken(RPAREN,')',114,10491)
LexToken(OR,'|',114,10493)
LexToken(SYMBOL,'instskip',114,10495)
LexToken(LPAREN,'(',114,10503)
LexToken(SYMBOL,'SKIP_4',114,10504)
LexToken(RPAREN,')',114,10510)
LexToken(OR,'|',114,10512)
LexToken(SYMBOL,'instid1',114,10514)
LexToken(LPAREN,'(',114,10521)
LexToken(SYMBOL,'VALU_DEP_2',114,10522)
LexToken(RPAREN,')',114,10532)
LexToken(INSTRUCTION,'v_mul_f32_e32',115,10560)
LexToken(VGPR,'v2',115,10574)
LexToken(COMMA,',',115,10576)
LexToken(INTEGER,'0x3c8186e2',115,10578)
LexToken(COMMA,',',115,10588)
LexToken(VGPR,'v2',115,10590)
LexToken(INSTRUCTION,'s_waitcnt',116,10655)
LexToken(SYMBOL,'vmcnt',116,10665)
LexToken(LPAREN,'(',116,10670)
LexToken(INTEGER,'13',116,10671)
LexToken(RPAREN,')',116,10673)
LexToken(INSTRUCTION,'v_fmac_f32_e32',117,10741)
LexToken(VGPR,'v26',117,10756)
LexToken(COMMA,',',117,10759)
LexToken(VGPR,'v13',117,10761)
LexToken(COMMA,',',117,10764)
LexToken(VGPR,'v1',117,10766)
LexToken(INSTRUCTION,'s_waitcnt',118,10827)
LexToken(SYMBOL,'vmcnt',118,10837)
LexToken(LPAREN,'(',118,10842)
LexToken(INTEGER,'12',118,10843)
LexToken(RPAREN,')',118,10845)
LexToken(INSTRUCTION,'v_fma_f32',119,10913)
LexToken(VGPR,'v1',119,10923)
LexToken(COMMA,',',119,10925)
LexToken(VGPR,'v42',119,10927)
LexToken(COMMA,',',119,10930)
LexToken(FLOATING,'2.0',119,10932)
LexToken(COMMA,',',119,10935)
LexToken(FLOATING,'-1.0',119,10937)
LexToken(INSTRUCTION,'v_dual_mul_f32',120,11008)
LexToken(VGPR,'v3',120,11023)
LexToken(COMMA,',',120,11025)
LexToken(INTEGER,'0x3c8186e2',120,11027)
LexToken(COMMA,',',120,11037)
LexToken(VGPR,'v3',120,11039)
LexToken(COLON,':',120,11042)
LexToken(COLON,':',120,11043)
LexToken(INSTRUCTION,'v_dual_fmac_f32',120,11045)
LexToken(VGPR,'v26',120,11061)
LexToken(COMMA,',',120,11064)
LexToken(VGPR,'v14',120,11066)
LexToken(COMMA,',',120,11069)
LexToken(VGPR,'v2',120,11071)
LexToken(INSTRUCTION,'s_waitcnt',121,11118)
LexToken(SYMBOL,'vmcnt',121,11128)
LexToken(LPAREN,'(',121,11133)
LexToken(INTEGER,'11',121,11134)
LexToken(RPAREN,')',121,11136)
LexToken(INSTRUCTION,'v_fma_f32',122,11204)
LexToken(VGPR,'v2',122,11214)
LexToken(COMMA,',',122,11216)
LexToken(VGPR,'v43',122,11218)
LexToken(COMMA,',',122,11221)
LexToken(FLOATING,'2.0',122,11223)
LexToken(COMMA,',',122,11226)
LexToken(FLOATING,'-1.0',122,11228)
LexToken(INSTRUCTION,'s_delay_alu',123,11299)
LexToken(SYMBOL,'instid0',123,11311)
LexToken(LPAREN,'(',123,11318)
LexToken(SYMBOL,'VALU_DEP_2',123,11319)
LexToken(RPAREN,')',123,11329)
LexToken(OR,'|',123,11331)
LexToken(SYMBOL,'instskip',123,11333)
LexToken(LPAREN,'(',123,11341)
LexToken(SYMBOL,'SKIP_2',123,11342)
LexToken(RPAREN,')',123,11348)
LexToken(OR,'|',123,11350)
LexToken(SYMBOL,'instid1',123,11352)
LexToken(LPAREN,'(',123,11359)
LexToken(SYMBOL,'VALU_DEP_3',123,11360)
LexToken(RPAREN,')',123,11370)
LexToken(INSTRUCTION,'v_dual_mul_f32',124,11398)
LexToken(VGPR,'v1',124,11413)
LexToken(COMMA,',',124,11415)
LexToken(INTEGER,'0x3c8186e2',124,11417)
LexToken(COMMA,',',124,11427)
LexToken(VGPR,'v1',124,11429)
LexToken(COLON,':',124,11432)
LexToken(COLON,':',124,11433)
LexToken(INSTRUCTION,'v_dual_fmac_f32',124,11435)
LexToken(VGPR,'v26',124,11451)
LexToken(COMMA,',',124,11454)
LexToken(VGPR,'v15',124,11456)
LexToken(COMMA,',',124,11459)
LexToken(VGPR,'v3',124,11461)
LexToken(INSTRUCTION,'s_waitcnt',125,11508)
LexToken(SYMBOL,'vmcnt',125,11518)
LexToken(LPAREN,'(',125,11523)
LexToken(INTEGER,'10',125,11524)
LexToken(RPAREN,')',125,11526)
LexToken(INSTRUCTION,'v_fma_f32',126,11594)
LexToken(VGPR,'v3',126,11604)
LexToken(COMMA,',',126,11606)
LexToken(VGPR,'v44',126,11608)
LexToken(COMMA,',',126,11611)
LexToken(FLOATING,'2.0',126,11613)
LexToken(COMMA,',',126,11616)
LexToken(FLOATING,'-1.0',126,11618)
LexToken(INSTRUCTION,'v_mul_f32_e32',127,11689)
LexToken(VGPR,'v2',127,11703)
LexToken(COMMA,',',127,11705)
LexToken(INTEGER,'0x3c8186e2',127,11707)
LexToken(COMMA,',',127,11717)
LexToken(VGPR,'v2',127,11719)
LexToken(INSTRUCTION,'s_delay_alu',128,11784)
LexToken(SYMBOL,'instid0',128,11796)
LexToken(LPAREN,'(',128,11803)
LexToken(SYMBOL,'VALU_DEP_3',128,11804)
LexToken(RPAREN,')',128,11814)
LexToken(OR,'|',128,11816)
LexToken(SYMBOL,'instskip',128,11818)
LexToken(LPAREN,'(',128,11826)
LexToken(SYMBOL,'SKIP_3',128,11827)
LexToken(RPAREN,')',128,11833)
LexToken(OR,'|',128,11835)
LexToken(SYMBOL,'instid1',128,11837)
LexToken(LPAREN,'(',128,11844)
LexToken(SYMBOL,'VALU_DEP_2',128,11845)
LexToken(RPAREN,')',128,11855)
LexToken(INSTRUCTION,'v_fmac_f32_e32',129,11883)
LexToken(VGPR,'v26',129,11898)
LexToken(COMMA,',',129,11901)
LexToken(VGPR,'v16',129,11903)
LexToken(COMMA,',',129,11906)
LexToken(VGPR,'v1',129,11908)
LexToken(INSTRUCTION,'s_waitcnt',130,11969)
LexToken(SYMBOL,'vmcnt',130,11979)
LexToken(LPAREN,'(',130,11984)
LexToken(INTEGER,'9',130,11985)
LexToken(RPAREN,')',130,11986)
LexToken(INSTRUCTION,'v_fma_f32',131,12055)
LexToken(VGPR,'v1',131,12065)
LexToken(COMMA,',',131,12067)
LexToken(VGPR,'v45',131,12069)
LexToken(COMMA,',',131,12072)
LexToken(FLOATING,'2.0',131,12074)
LexToken(COMMA,',',131,12077)
LexToken(FLOATING,'-1.0',131,12079)
LexToken(INSTRUCTION,'s_waitcnt',132,12150)
LexToken(SYMBOL,'vmcnt',132,12160)
LexToken(LPAREN,'(',132,12165)
LexToken(INTEGER,'8',132,12166)
LexToken(RPAREN,')',132,12167)
LexToken(INSTRUCTION,'v_dual_mul_f32',133,12236)
LexToken(VGPR,'v3',133,12251)
LexToken(COMMA,',',133,12253)
LexToken(INTEGER,'0x3c8186e2',133,12255)
LexToken(COMMA,',',133,12265)
LexToken(VGPR,'v3',133,12267)
LexToken(COLON,':',133,12270)
LexToken(COLON,':',133,12271)
LexToken(INSTRUCTION,'v_dual_fmac_f32',133,12273)
LexToken(VGPR,'v26',133,12289)
LexToken(COMMA,',',133,12292)
LexToken(VGPR,'v17',133,12294)
LexToken(COMMA,',',133,12297)
LexToken(VGPR,'v2',133,12299)
LexToken(INSTRUCTION,'s_waitcnt',134,12346)
LexToken(SYMBOL,'vmcnt',134,12356)
LexToken(LPAREN,'(',134,12361)
LexToken(INTEGER,'7',134,12362)
LexToken(RPAREN,')',134,12363)
LexToken(INSTRUCTION,'v_fma_f32',135,12432)
LexToken(VGPR,'v2',135,12442)
LexToken(COMMA,',',135,12444)
LexToken(VGPR,'v46',135,12446)
LexToken(COMMA,',',135,12449)
LexToken(FLOATING,'2.0',135,12451)
LexToken(COMMA,',',135,12454)
LexToken(FLOATING,'-1.0',135,12456)
LexToken(INSTRUCTION,'s_delay_alu',136,12527)
LexToken(SYMBOL,'instid0',136,12539)
LexToken(LPAREN,'(',136,12546)
LexToken(SYMBOL,'VALU_DEP_2',136,12547)
LexToken(RPAREN,')',136,12557)
LexToken(OR,'|',136,12559)
LexToken(SYMBOL,'instskip',136,12561)
LexToken(LPAREN,'(',136,12569)
LexToken(SYMBOL,'SKIP_2',136,12570)
LexToken(RPAREN,')',136,12576)
LexToken(OR,'|',136,12578)
LexToken(SYMBOL,'instid1',136,12580)
LexToken(LPAREN,'(',136,12587)
LexToken(SYMBOL,'VALU_DEP_3',136,12588)
LexToken(RPAREN,')',136,12598)
LexToken(INSTRUCTION,'v_dual_mul_f32',137,12626)
LexToken(VGPR,'v1',137,12641)
LexToken(COMMA,',',137,12643)
LexToken(INTEGER,'0x3c8186e2',137,12645)
LexToken(COMMA,',',137,12655)
LexToken(VGPR,'v1',137,12657)
LexToken(COLON,':',137,12660)
LexToken(COLON,':',137,12661)
LexToken(INSTRUCTION,'v_dual_fmac_f32',137,12663)
LexToken(VGPR,'v26',137,12679)
LexToken(COMMA,',',137,12682)
LexToken(VGPR,'v18',137,12684)
LexToken(COMMA,',',137,12687)
LexToken(VGPR,'v3',137,12689)
LexToken(INSTRUCTION,'s_waitcnt',138,12736)
LexToken(SYMBOL,'vmcnt',138,12746)
LexToken(LPAREN,'(',138,12751)
LexToken(INTEGER,'6',138,12752)
LexToken(RPAREN,')',138,12753)
LexToken(INSTRUCTION,'v_fma_f32',139,12822)
LexToken(VGPR,'v3',139,12832)
LexToken(COMMA,',',139,12834)
LexToken(VGPR,'v47',139,12836)
LexToken(COMMA,',',139,12839)
LexToken(FLOATING,'2.0',139,12841)
LexToken(COMMA,',',139,12844)
LexToken(FLOATING,'-1.0',139,12846)
LexToken(INSTRUCTION,'v_mul_f32_e32',140,12917)
LexToken(VGPR,'v2',140,12931)
LexToken(COMMA,',',140,12933)
LexToken(INTEGER,'0x3c8186e2',140,12935)
LexToken(COMMA,',',140,12945)
LexToken(VGPR,'v2',140,12947)
LexToken(INSTRUCTION,'s_delay_alu',141,13012)
LexToken(SYMBOL,'instid0',141,13024)
LexToken(LPAREN,'(',141,13031)
LexToken(SYMBOL,'VALU_DEP_3',141,13032)
LexToken(RPAREN,')',141,13042)
LexToken(OR,'|',141,13044)
LexToken(SYMBOL,'instskip',141,13046)
LexToken(LPAREN,'(',141,13054)
LexToken(SYMBOL,'SKIP_2',141,13055)
LexToken(RPAREN,')',141,13061)
LexToken(OR,'|',141,13063)
LexToken(SYMBOL,'instid1',141,13065)
LexToken(LPAREN,'(',141,13072)
LexToken(SYMBOL,'VALU_DEP_2',141,13073)
LexToken(RPAREN,')',141,13083)
LexToken(INSTRUCTION,'v_fmac_f32_e32',142,13111)
LexToken(VGPR,'v26',142,13126)
LexToken(COMMA,',',142,13129)
LexToken(VGPR,'v19',142,13131)
LexToken(COMMA,',',142,13134)
LexToken(VGPR,'v1',142,13136)
LexToken(INSTRUCTION,'s_waitcnt',143,13197)
LexToken(SYMBOL,'vmcnt',143,13207)
LexToken(LPAREN,'(',143,13212)
LexToken(INTEGER,'5',143,13213)
LexToken(RPAREN,')',143,13214)
LexToken(INSTRUCTION,'v_fma_f32',144,13283)
LexToken(VGPR,'v1',144,13293)
LexToken(COMMA,',',144,13295)
LexToken(VGPR,'v48',144,13297)
LexToken(COMMA,',',144,13300)
LexToken(FLOATING,'2.0',144,13302)
LexToken(COMMA,',',144,13305)
LexToken(FLOATING,'-1.0',144,13307)
LexToken(INSTRUCTION,'v_dual_mul_f32',145,13378)
LexToken(VGPR,'v3',145,13393)
LexToken(COMMA,',',145,13395)
LexToken(INTEGER,'0x3c8186e2',145,13397)
LexToken(COMMA,',',145,13407)
LexToken(VGPR,'v3',145,13409)
LexToken(COLON,':',145,13412)
LexToken(COLON,':',145,13413)
LexToken(INSTRUCTION,'v_dual_fmac_f32',145,13415)
LexToken(VGPR,'v26',145,13431)
LexToken(COMMA,',',145,13434)
LexToken(VGPR,'v20',145,13436)
LexToken(COMMA,',',145,13439)
LexToken(VGPR,'v2',145,13441)
LexToken(INSTRUCTION,'s_waitcnt',146,13488)
LexToken(SYMBOL,'vmcnt',146,13498)
LexToken(LPAREN,'(',146,13503)
LexToken(INTEGER,'4',146,13504)
LexToken(RPAREN,')',146,13505)
LexToken(INSTRUCTION,'v_fma_f32',147,13574)
LexToken(VGPR,'v2',147,13584)
LexToken(COMMA,',',147,13586)
LexToken(VGPR,'v49',147,13588)
LexToken(COMMA,',',147,13591)
LexToken(FLOATING,'2.0',147,13593)
LexToken(COMMA,',',147,13596)
LexToken(FLOATING,'-1.0',147,13598)
LexToken(INSTRUCTION,'s_waitcnt',148,13669)
LexToken(SYMBOL,'vmcnt',148,13679)
LexToken(LPAREN,'(',148,13684)
LexToken(INTEGER,'3',148,13685)
LexToken(RPAREN,')',148,13686)
LexToken(INSTRUCTION,'s_delay_alu',149,13755)
LexToken(SYMBOL,'instid0',149,13767)
LexToken(LPAREN,'(',149,13774)
LexToken(SYMBOL,'VALU_DEP_2',149,13775)
LexToken(RPAREN,')',149,13785)
LexToken(OR,'|',149,13787)
LexToken(SYMBOL,'instskip',149,13789)
LexToken(LPAREN,'(',149,13797)
LexToken(SYMBOL,'SKIP_3',149,13798)
LexToken(RPAREN,')',149,13804)
LexToken(OR,'|',149,13806)
LexToken(SYMBOL,'instid1',149,13808)
LexToken(LPAREN,'(',149,13815)
LexToken(SYMBOL,'VALU_DEP_3',149,13816)
LexToken(RPAREN,')',149,13826)
LexToken(INSTRUCTION,'v_dual_mul_f32',150,13854)
LexToken(VGPR,'v1',150,13869)
LexToken(COMMA,',',150,13871)
LexToken(INTEGER,'0x3c8186e2',150,13873)
LexToken(COMMA,',',150,13883)
LexToken(VGPR,'v1',150,13885)
LexToken(COLON,':',150,13888)
LexToken(COLON,':',150,13889)
LexToken(INSTRUCTION,'v_dual_fmac_f32',150,13891)
LexToken(VGPR,'v26',150,13907)
LexToken(COMMA,',',150,13910)
LexToken(VGPR,'v21',150,13912)
LexToken(COMMA,',',150,13915)
LexToken(VGPR,'v3',150,13917)
LexToken(INSTRUCTION,'s_waitcnt',151,13964)
LexToken(SYMBOL,'vmcnt',151,13974)
LexToken(LPAREN,'(',151,13979)
LexToken(INTEGER,'2',151,13980)
LexToken(RPAREN,')',151,13981)
LexToken(INSTRUCTION,'v_fma_f32',152,14050)
LexToken(VGPR,'v3',152,14060)
LexToken(COMMA,',',152,14062)
LexToken(VGPR,'v50',152,14064)
LexToken(COMMA,',',152,14067)
LexToken(FLOATING,'2.0',152,14069)
LexToken(COMMA,',',152,14072)
LexToken(FLOATING,'-1.0',152,14074)
LexToken(INSTRUCTION,'v_mul_f32_e32',153,14145)
LexToken(VGPR,'v2',153,14159)
LexToken(COMMA,',',153,14161)
LexToken(INTEGER,'0x3c8186e2',153,14163)
LexToken(COMMA,',',153,14173)
LexToken(VGPR,'v2',153,14175)
LexToken(INSTRUCTION,'v_fmac_f32_e32',154,14240)
LexToken(VGPR,'v26',154,14255)
LexToken(COMMA,',',154,14258)
LexToken(VGPR,'v22',154,14260)
LexToken(COMMA,',',154,14263)
LexToken(VGPR,'v1',154,14265)
LexToken(INSTRUCTION,'s_waitcnt',155,14326)
LexToken(SYMBOL,'vmcnt',155,14336)
LexToken(LPAREN,'(',155,14341)
LexToken(INTEGER,'1',155,14342)
LexToken(RPAREN,')',155,14343)
LexToken(INSTRUCTION,'v_fma_f32',156,14412)
LexToken(VGPR,'v1',156,14422)
LexToken(COMMA,',',156,14424)
LexToken(VGPR,'v25',156,14426)
LexToken(COMMA,',',156,14429)
LexToken(FLOATING,'2.0',156,14431)
LexToken(COMMA,',',156,14434)
LexToken(FLOATING,'-1.0',156,14436)
LexToken(INSTRUCTION,'s_delay_alu',157,14507)
LexToken(SYMBOL,'instid0',157,14519)
LexToken(LPAREN,'(',157,14526)
LexToken(SYMBOL,'VALU_DEP_2',157,14527)
LexToken(RPAREN,')',157,14537)
LexToken(OR,'|',157,14539)
LexToken(SYMBOL,'instskip',157,14541)
LexToken(LPAREN,'(',157,14549)
LexToken(SYMBOL,'NEXT',157,14550)
LexToken(RPAREN,')',157,14554)
LexToken(OR,'|',157,14556)
LexToken(SYMBOL,'instid1',157,14558)
LexToken(LPAREN,'(',157,14565)
LexToken(SYMBOL,'VALU_DEP_2',157,14566)
LexToken(RPAREN,')',157,14576)
LexToken(INSTRUCTION,'v_dual_mul_f32',158,14604)
LexToken(VGPR,'v3',158,14619)
LexToken(COMMA,',',158,14621)
LexToken(INTEGER,'0x3c8186e2',158,14623)
LexToken(COMMA,',',158,14633)
LexToken(VGPR,'v3',158,14635)
LexToken(COLON,':',158,14638)
LexToken(COLON,':',158,14639)
LexToken(INSTRUCTION,'v_dual_fmac_f32',158,14641)
LexToken(VGPR,'v26',158,14657)
LexToken(COMMA,',',158,14660)
LexToken(VGPR,'v23',158,14662)
LexToken(COMMA,',',158,14665)
LexToken(VGPR,'v2',158,14667)
LexToken(INSTRUCTION,'v_dual_mul_f32',159,14714)
LexToken(VGPR,'v1',159,14729)
LexToken(COMMA,',',159,14731)
LexToken(INTEGER,'0x3c8186e2',159,14733)
LexToken(COMMA,',',159,14743)
LexToken(VGPR,'v1',159,14745)
LexToken(COLON,':',159,14748)
LexToken(COLON,':',159,14749)
LexToken(INSTRUCTION,'v_dual_lshlrev_b32',159,14751)
LexToken(VGPR,'v2',159,14770)
LexToken(COMMA,',',159,14772)
LexToken(INTEGER,'2',159,14774)
LexToken(COMMA,',',159,14775)
LexToken(VGPR,'v0',159,14777)
LexToken(INSTRUCTION,'s_delay_alu',160,14824)
LexToken(SYMBOL,'instid0',160,14836)
LexToken(LPAREN,'(',160,14843)
LexToken(SYMBOL,'VALU_DEP_2',160,14844)
LexToken(RPAREN,')',160,14854)
LexToken(OR,'|',160,14856)
LexToken(SYMBOL,'instskip',160,14858)
LexToken(LPAREN,'(',160,14866)
LexToken(SYMBOL,'SKIP_1',160,14867)
LexToken(RPAREN,')',160,14873)
LexToken(OR,'|',160,14875)
LexToken(SYMBOL,'instid1',160,14877)
LexToken(LPAREN,'(',160,14884)
LexToken(SYMBOL,'VALU_DEP_1',160,14885)
LexToken(RPAREN,')',160,14895)
LexToken(INSTRUCTION,'v_fmac_f32_e32',161,14923)
LexToken(VGPR,'v26',161,14938)
LexToken(COMMA,',',161,14941)
LexToken(VGPR,'v24',161,14943)
LexToken(COMMA,',',161,14946)
LexToken(VGPR,'v3',161,14948)
LexToken(INSTRUCTION,'s_waitcnt',162,15009)
LexToken(SYMBOL,'vmcnt',162,15019)
LexToken(LPAREN,'(',162,15024)
LexToken(INTEGER,'0',162,15025)
LexToken(RPAREN,')',162,15026)
LexToken(INSTRUCTION,'v_dual_fmac_f32',163,15095)
LexToken(VGPR,'v26',163,15111)
LexToken(COMMA,',',163,15114)
LexToken(VGPR,'v28',163,15116)
LexToken(COMMA,',',163,15119)
LexToken(VGPR,'v1',163,15121)
LexToken(COLON,':',163,15124)
LexToken(COLON,':',163,15125)
LexToken(INSTRUCTION,'v_dual_mov_b32',163,15127)
LexToken(VGPR,'v1',163,15142)
LexToken(COMMA,',',163,15144)
LexToken(INTEGER,'0',163,15146)
LexToken(SYMBOL,'ds_store_b32',164,15190)
LexToken(VGPR,'v2',164,15203)
LexToken(COMMA,',',164,15205)
LexToken(VGPR,'v26',164,15207)
LexToken(INSTRUCTION,'s_waitcnt',165,15285)
LexToken(SYMBOL,'lgkmcnt',165,15295)
LexToken(LPAREN,'(',165,15302)
LexToken(INTEGER,'0',165,15303)
LexToken(RPAREN,')',165,15304)
LexToken(INSTRUCTION,'s_waitcnt',166,15371)
LexToken(SYMBOL,'lgkmcnt',166,15381)
LexToken(LPAREN,'(',166,15388)
LexToken(INTEGER,'0',166,15389)
LexToken(RPAREN,')',166,15390)
LexToken(INSTRUCTION,'v_cmpx_eq_u32_e32',167,15457)
LexToken(INTEGER,'0',167,15475)
LexToken(COMMA,',',167,15476)
LexToken(VGPR,'v0',167,15478)
LexToken(INSTRUCTION,'s_cbranch_execz',168,15543)
LexToken(INTEGER,'39',168,15559)
LexToken(SYMBOL,'ds_load_b128',169,15650)
LexToken(VGPR,'v[2:5]',169,15663)
LexToken(COMMA,',',169,15669)
LexToken(VGPR,'v1',169,15671)
LexToken(SYMBOL,'ds_load_b128',170,15745)
LexToken(VGPR,'v[6:9]',170,15758)
LexToken(COMMA,',',170,15764)
LexToken(VGPR,'v1',170,15766)
LexToken(LABEL,'offset:',170,15769)
LexToken(INTEGER,'16',170,15776)
LexToken(INSTRUCTION,'s_add_u32',171,15840)
LexToken(SGPR,'s0',171,15850)
LexToken(COMMA,',',171,15852)
LexToken(SGPR,'s0',171,15854)
LexToken(COMMA,',',171,15856)
LexToken(SGPR,'s4',171,15858)
LexToken(INSTRUCTION,'s_addc_u32',172,15926)
LexToken(SGPR,'s1',172,15937)
LexToken(COMMA,',',172,15939)
LexToken(SGPR,'s1',172,15941)
LexToken(COMMA,',',172,15943)
LexToken(SGPR,'s5',172,15945)
LexToken(INSTRUCTION,'s_waitcnt',173,16012)
LexToken(SYMBOL,'lgkmcnt',173,16022)
LexToken(LPAREN,'(',173,16029)
LexToken(INTEGER,'1',173,16030)
LexToken(RPAREN,')',173,16031)
LexToken(INSTRUCTION,'v_add_f32_e32',174,16098)
LexToken(VGPR,'v0',174,16112)
LexToken(COMMA,',',174,16114)
LexToken(INTEGER,'0',174,16116)
LexToken(COMMA,',',174,16117)
LexToken(VGPR,'v2',174,16119)
LexToken(INSTRUCTION,'s_delay_alu',175,16184)
LexToken(SYMBOL,'instid0',175,16196)
LexToken(LPAREN,'(',175,16203)
LexToken(SYMBOL,'VALU_DEP_1',175,16204)
LexToken(RPAREN,')',175,16214)
LexToken(OR,'|',175,16216)
LexToken(SYMBOL,'instskip',175,16218)
LexToken(LPAREN,'(',175,16226)
LexToken(SYMBOL,'NEXT',175,16227)
LexToken(RPAREN,')',175,16231)
LexToken(OR,'|',175,16233)
LexToken(SYMBOL,'instid1',175,16235)
LexToken(LPAREN,'(',175,16242)
LexToken(SYMBOL,'VALU_DEP_1',175,16243)
LexToken(RPAREN,')',175,16253)
LexToken(INSTRUCTION,'v_add_f32_e32',176,16281)
LexToken(VGPR,'v0',176,16295)
LexToken(COMMA,',',176,16297)
LexToken(VGPR,'v0',176,16299)
LexToken(COMMA,',',176,16301)
LexToken(VGPR,'v3',176,16303)
LexToken(INSTRUCTION,'v_add_f32_e32',177,16367)
LexToken(VGPR,'v0',177,16381)
LexToken(COMMA,',',177,16383)
LexToken(VGPR,'v0',177,16385)
LexToken(COMMA,',',177,16387)
LexToken(VGPR,'v4',177,16389)
LexToken(INSTRUCTION,'s_delay_alu',178,16453)
LexToken(SYMBOL,'instid0',178,16465)
LexToken(LPAREN,'(',178,16472)
LexToken(SYMBOL,'VALU_DEP_1',178,16473)
LexToken(RPAREN,')',178,16483)
LexToken(OR,'|',178,16485)
LexToken(SYMBOL,'instskip',178,16487)
LexToken(LPAREN,'(',178,16495)
LexToken(SYMBOL,'SKIP_3',178,16496)
LexToken(RPAREN,')',178,16502)
LexToken(OR,'|',178,16504)
LexToken(SYMBOL,'instid1',178,16506)
LexToken(LPAREN,'(',178,16513)
LexToken(SYMBOL,'VALU_DEP_1',178,16514)
LexToken(RPAREN,')',178,16524)
LexToken(INSTRUCTION,'v_add_f32_e32',179,16552)
LexToken(VGPR,'v0',179,16566)
LexToken(COMMA,',',179,16568)
LexToken(VGPR,'v0',179,16570)
LexToken(COMMA,',',179,16572)
LexToken(VGPR,'v5',179,16574)
LexToken(SYMBOL,'ds_load_b128',180,16638)
LexToken(VGPR,'v[2:5]',180,16651)
LexToken(COMMA,',',180,16657)
LexToken(VGPR,'v1',180,16659)
LexToken(LABEL,'offset:',180,16662)
LexToken(INTEGER,'32',180,16669)
LexToken(INSTRUCTION,'s_waitcnt',181,16733)
LexToken(SYMBOL,'lgkmcnt',181,16743)
LexToken(LPAREN,'(',181,16750)
LexToken(INTEGER,'1',181,16751)
LexToken(RPAREN,')',181,16752)
LexToken(INSTRUCTION,'v_add_f32_e32',182,16819)
LexToken(VGPR,'v0',182,16833)
LexToken(COMMA,',',182,16835)
LexToken(VGPR,'v0',182,16837)
LexToken(COMMA,',',182,16839)
LexToken(VGPR,'v6',182,16841)
LexToken(INSTRUCTION,'v_add_f32_e32',183,16905)
LexToken(VGPR,'v0',183,16919)
LexToken(COMMA,',',183,16921)
LexToken(VGPR,'v0',183,16923)
LexToken(COMMA,',',183,16925)
LexToken(VGPR,'v7',183,16927)
LexToken(INSTRUCTION,'s_delay_alu',184,16991)
LexToken(SYMBOL,'instid0',184,17003)
LexToken(LPAREN,'(',184,17010)
LexToken(SYMBOL,'VALU_DEP_1',184,17011)
LexToken(RPAREN,')',184,17021)
LexToken(OR,'|',184,17023)
LexToken(SYMBOL,'instskip',184,17025)
LexToken(LPAREN,'(',184,17033)
LexToken(SYMBOL,'NEXT',184,17034)
LexToken(RPAREN,')',184,17038)
LexToken(OR,'|',184,17040)
LexToken(SYMBOL,'instid1',184,17042)
LexToken(LPAREN,'(',184,17049)
LexToken(SYMBOL,'VALU_DEP_1',184,17050)
LexToken(RPAREN,')',184,17060)
LexToken(INSTRUCTION,'v_add_f32_e32',185,17088)
LexToken(VGPR,'v0',185,17102)
LexToken(COMMA,',',185,17104)
LexToken(VGPR,'v0',185,17106)
LexToken(COMMA,',',185,17108)
LexToken(VGPR,'v8',185,17110)
LexToken(INSTRUCTION,'v_add_f32_e32',186,17174)
LexToken(VGPR,'v0',186,17188)
LexToken(COMMA,',',186,17190)
LexToken(VGPR,'v0',186,17192)
LexToken(COMMA,',',186,17194)
LexToken(VGPR,'v9',186,17196)
LexToken(SYMBOL,'ds_load_b128',187,17260)
LexToken(VGPR,'v[6:9]',187,17273)
LexToken(COMMA,',',187,17279)
LexToken(VGPR,'v1',187,17281)
LexToken(LABEL,'offset:',187,17284)
LexToken(INTEGER,'48',187,17291)
LexToken(INSTRUCTION,'s_waitcnt',188,17355)
LexToken(SYMBOL,'lgkmcnt',188,17365)
LexToken(LPAREN,'(',188,17372)
LexToken(INTEGER,'1',188,17373)
LexToken(RPAREN,')',188,17374)
LexToken(INSTRUCTION,'v_add_f32_e32',189,17441)
LexToken(VGPR,'v0',189,17455)
LexToken(COMMA,',',189,17457)
LexToken(VGPR,'v0',189,17459)
LexToken(COMMA,',',189,17461)
LexToken(VGPR,'v2',189,17463)
LexToken(INSTRUCTION,'s_delay_alu',190,17527)
LexToken(SYMBOL,'instid0',190,17539)
LexToken(LPAREN,'(',190,17546)
LexToken(SYMBOL,'VALU_DEP_1',190,17547)
LexToken(RPAREN,')',190,17557)
LexToken(OR,'|',190,17559)
LexToken(SYMBOL,'instskip',190,17561)
LexToken(LPAREN,'(',190,17569)
LexToken(SYMBOL,'NEXT',190,17570)
LexToken(RPAREN,')',190,17574)
LexToken(OR,'|',190,17576)
LexToken(SYMBOL,'instid1',190,17578)
LexToken(LPAREN,'(',190,17585)
LexToken(SYMBOL,'VALU_DEP_1',190,17586)
LexToken(RPAREN,')',190,17596)
LexToken(INSTRUCTION,'v_add_f32_e32',191,17624)
LexToken(VGPR,'v0',191,17638)
LexToken(COMMA,',',191,17640)
LexToken(VGPR,'v0',191,17642)
LexToken(COMMA,',',191,17644)
LexToken(VGPR,'v3',191,17646)
LexToken(INSTRUCTION,'v_add_f32_e32',192,17710)
LexToken(VGPR,'v0',192,17724)
LexToken(COMMA,',',192,17726)
LexToken(VGPR,'v0',192,17728)
LexToken(COMMA,',',192,17730)
LexToken(VGPR,'v4',192,17732)
LexToken(INSTRUCTION,'s_delay_alu',193,17796)
LexToken(SYMBOL,'instid0',193,17808)
LexToken(LPAREN,'(',193,17815)
LexToken(SYMBOL,'VALU_DEP_1',193,17816)
LexToken(RPAREN,')',193,17826)
LexToken(OR,'|',193,17828)
LexToken(SYMBOL,'instskip',193,17830)
LexToken(LPAREN,'(',193,17838)
LexToken(SYMBOL,'SKIP_1',193,17839)
LexToken(RPAREN,')',193,17845)
LexToken(OR,'|',193,17847)
LexToken(SYMBOL,'instid1',193,17849)
LexToken(LPAREN,'(',193,17856)
LexToken(SYMBOL,'VALU_DEP_1',193,17857)
LexToken(RPAREN,')',193,17867)
LexToken(INSTRUCTION,'v_add_f32_e32',194,17895)
LexToken(VGPR,'v0',194,17909)
LexToken(COMMA,',',194,17911)
LexToken(VGPR,'v0',194,17913)
LexToken(COMMA,',',194,17915)
LexToken(VGPR,'v5',194,17917)
LexToken(INSTRUCTION,'s_waitcnt',195,17981)
LexToken(SYMBOL,'lgkmcnt',195,17991)
LexToken(LPAREN,'(',195,17998)
LexToken(INTEGER,'0',195,17999)
LexToken(RPAREN,')',195,18000)
LexToken(INSTRUCTION,'v_add_f32_e32',196,18067)
LexToken(VGPR,'v0',196,18081)
LexToken(COMMA,',',196,18083)
LexToken(VGPR,'v0',196,18085)
LexToken(COMMA,',',196,18087)
LexToken(VGPR,'v6',196,18089)
LexToken(INSTRUCTION,'s_delay_alu',197,18153)
LexToken(SYMBOL,'instid0',197,18165)
LexToken(LPAREN,'(',197,18172)
LexToken(SYMBOL,'VALU_DEP_1',197,18173)
LexToken(RPAREN,')',197,18183)
LexToken(OR,'|',197,18185)
LexToken(SYMBOL,'instskip',197,18187)
LexToken(LPAREN,'(',197,18195)
LexToken(SYMBOL,'NEXT',197,18196)
LexToken(RPAREN,')',197,18200)
LexToken(OR,'|',197,18202)
LexToken(SYMBOL,'instid1',197,18204)
LexToken(LPAREN,'(',197,18211)
LexToken(SYMBOL,'VALU_DEP_1',197,18212)
LexToken(RPAREN,')',197,18222)
LexToken(INSTRUCTION,'v_add_f32_e32',198,18250)
LexToken(VGPR,'v0',198,18264)
LexToken(COMMA,',',198,18266)
LexToken(VGPR,'v0',198,18268)
LexToken(COMMA,',',198,18270)
LexToken(VGPR,'v7',198,18272)
LexToken(INSTRUCTION,'v_add_f32_e32',199,18336)
LexToken(VGPR,'v0',199,18350)
LexToken(COMMA,',',199,18352)
LexToken(VGPR,'v0',199,18354)
LexToken(COMMA,',',199,18356)
LexToken(VGPR,'v8',199,18358)
LexToken(INSTRUCTION,'s_delay_alu',200,18422)
LexToken(SYMBOL,'instid0',200,18434)
LexToken(LPAREN,'(',200,18441)
LexToken(SYMBOL,'VALU_DEP_1',200,18442)
LexToken(RPAREN,')',200,18452)
LexToken(INSTRUCTION,'v_add_f32_e32',201,18508)
LexToken(VGPR,'v0',201,18522)
LexToken(COMMA,',',201,18524)
LexToken(VGPR,'v0',201,18526)
LexToken(COMMA,',',201,18528)
LexToken(VGPR,'v9',201,18530)
LexToken(SYMBOL,'global_store_b32',202,18594)
LexToken(VGPR,'v1',202,18611)
LexToken(COMMA,',',202,18613)
LexToken(VGPR,'v0',202,18615)
LexToken(COMMA,',',202,18617)
LexToken(SGPR,'s[0:1]',202,18619)
LexToken(INSTRUCTION,'s_nop',203,18689)
LexToken(INTEGER,'0',203,18695)
LexToken(INSTRUCTION,'s_sendmsg',204,18775)
LexToken(SYMBOL,'sendmsg',204,18785)
LexToken(LPAREN,'(',204,18792)
LexToken(SYMBOL,'MSG_DEALLOC_VGPRS',204,18793)
LexToken(RPAREN,')',204,18810)
LexToken(INSTRUCTION,'s_endpgm',205,18861)
